<?xml version="1.0" encoding="utf-8"?>
<CoverageSession xmlns:xsd="http://www.w3.org/2001/XMLSchema" xmlns:xsi="http://www.w3.org/2001/XMLSchema-instance" Version="4.6.0.0">
  <Summary numSequencePoints="115" visitedSequencePoints="115" numBranchPoints="44" visitedBranchPoints="44" sequenceCoverage="100" branchCoverage="100" maxCyclomaticComplexity="6" minCyclomaticComplexity="1" maxCrapScore="6" minCrapScore="1" visitedClasses="5" numClasses="5" visitedMethods="18" numMethods="18" />
  <Modules>
    <Module hash="E7-AB-1C-4E-CA-EE-DC-16-56-67-2E-74-CB-D5-0C-DA-27-63-BA-38">
      <Summary numSequencePoints="115" visitedSequencePoints="115" numBranchPoints="44" visitedBranchPoints="44" sequenceCoverage="100" branchCoverage="100" maxCyclomaticComplexity="6" minCyclomaticComplexity="1" maxCrapScore="6" minCrapScore="1" visitedClasses="5" numClasses="5" visitedMethods="18" numMethods="18" />
      <ModulePath>D:\all_languages\reddit_challenges\challenge_020\intermediate\ageChecker\ageCheckerTests\bin\Debug\ageCheckerClassLibrary.dll</ModulePath>
      <ModuleTime>2018-01-02T01:12:21.7001181Z</ModuleTime>
      <ModuleName>ageCheckerClassLibrary</ModuleName>
      <Files>
        <File uid="1" fullPath="d:\all_languages\reddit_challenges\challenge_020\intermediate\ageChecker\ageCheckerClassLibrary\AgeChecker.cs" />
        <File uid="2" fullPath="d:\all_languages\reddit_challenges\challenge_020\intermediate\ageChecker\ageCheckerClassLibrary\DateChecker.cs" />
        <File uid="3" fullPath="d:\all_languages\reddit_challenges\challenge_020\intermediate\ageChecker\ageCheckerClassLibrary\MonthChecker.cs" />
        <File uid="4" fullPath="d:\all_languages\reddit_challenges\challenge_020\intermediate\ageChecker\ageCheckerClassLibrary\TimeConverter.cs" />
        <File uid="5" fullPath="d:\all_languages\reddit_challenges\challenge_020\intermediate\ageChecker\ageCheckerClassLibrary\YearChecker.cs" />
      </Files>
      <Classes>
        <Class>
          <Summary numSequencePoints="22" visitedSequencePoints="22" numBranchPoints="3" visitedBranchPoints="3" sequenceCoverage="100" branchCoverage="100" maxCyclomaticComplexity="1" minCyclomaticComplexity="1" maxCrapScore="1" minCrapScore="1" visitedClasses="1" numClasses="1" visitedMethods="3" numMethods="3" />
          <FullName>ageCheckerClassLibrary.AgeChecker</FullName>
          <Methods>
            <Method skippedDueTo="AutoImplementedProperty" visited="false" cyclomaticComplexity="1" nPathComplexity="0" sequenceCoverage="0" branchCoverage="0" crapScore="0" isConstructor="false" isStatic="false" isGetter="true" isSetter="false">
              <MetadataToken>100663297</MetadataToken>
              <Name>ageCheckerClassLibrary.IDateChecker ageCheckerClassLibrary.AgeChecker::get_DateChecker()</Name>
              <SequencePoints />
              <BranchPoints />
            </Method>
            <Method skippedDueTo="AutoImplementedProperty" visited="false" cyclomaticComplexity="1" nPathComplexity="0" sequenceCoverage="0" branchCoverage="0" crapScore="0" isConstructor="false" isStatic="false" isGetter="false" isSetter="true">
              <MetadataToken>100663298</MetadataToken>
              <Name>System.Void ageCheckerClassLibrary.AgeChecker::set_DateChecker(ageCheckerClassLibrary.IDateChecker)</Name>
              <SequencePoints />
              <BranchPoints />
            </Method>
            <Method skippedDueTo="AutoImplementedProperty" visited="false" cyclomaticComplexity="1" nPathComplexity="0" sequenceCoverage="0" branchCoverage="0" crapScore="0" isConstructor="false" isStatic="false" isGetter="true" isSetter="false">
              <MetadataToken>100663299</MetadataToken>
              <Name>ageCheckerClassLibrary.IMonthChecker ageCheckerClassLibrary.AgeChecker::get_MonthChecker()</Name>
              <SequencePoints />
              <BranchPoints />
            </Method>
            <Method skippedDueTo="AutoImplementedProperty" visited="false" cyclomaticComplexity="1" nPathComplexity="0" sequenceCoverage="0" branchCoverage="0" crapScore="0" isConstructor="false" isStatic="false" isGetter="false" isSetter="true">
              <MetadataToken>100663300</MetadataToken>
              <Name>System.Void ageCheckerClassLibrary.AgeChecker::set_MonthChecker(ageCheckerClassLibrary.IMonthChecker)</Name>
              <SequencePoints />
              <BranchPoints />
            </Method>
            <Method skippedDueTo="AutoImplementedProperty" visited="false" cyclomaticComplexity="1" nPathComplexity="0" sequenceCoverage="0" branchCoverage="0" crapScore="0" isConstructor="false" isStatic="false" isGetter="true" isSetter="false">
              <MetadataToken>100663301</MetadataToken>
              <Name>ageCheckerClassLibrary.ITimeConverter ageCheckerClassLibrary.AgeChecker::get_TimeConverter()</Name>
              <SequencePoints />
              <BranchPoints />
            </Method>
            <Method skippedDueTo="AutoImplementedProperty" visited="false" cyclomaticComplexity="1" nPathComplexity="0" sequenceCoverage="0" branchCoverage="0" crapScore="0" isConstructor="false" isStatic="false" isGetter="false" isSetter="true">
              <MetadataToken>100663302</MetadataToken>
              <Name>System.Void ageCheckerClassLibrary.AgeChecker::set_TimeConverter(ageCheckerClassLibrary.ITimeConverter)</Name>
              <SequencePoints />
              <BranchPoints />
            </Method>
            <Method visited="true" cyclomaticComplexity="1" nPathComplexity="0" sequenceCoverage="100" branchCoverage="100" crapScore="1" isConstructor="true" isStatic="false" isGetter="false" isSetter="false">
              <Summary numSequencePoints="6" visitedSequencePoints="6" numBranchPoints="1" visitedBranchPoints="1" sequenceCoverage="100" branchCoverage="100" maxCyclomaticComplexity="1" minCyclomaticComplexity="1" maxCrapScore="1" minCrapScore="1" visitedClasses="0" numClasses="0" visitedMethods="1" numMethods="1" />
              <MetadataToken>100663303</MetadataToken>
              <Name>System.Void ageCheckerClassLibrary.AgeChecker::.ctor(ageCheckerClassLibrary.IDateChecker,ageCheckerClassLibrary.IMonthChecker,ageCheckerClassLibrary.ITimeConverter)</Name>
              <FileRef uid="1" />
              <SequencePoints>
                <SequencePoint vc="2" uspid="1" ordinal="0" offset="0" sl="14" sc="9" el="14" ec="110" bec="0" bev="0" fileid="1" />
                <SequencePoint vc="2" uspid="2" ordinal="1" offset="7" sl="14" sc="111" el="14" ec="112" bec="0" bev="0" fileid="1" />
                <SequencePoint vc="2" uspid="3" ordinal="2" offset="8" sl="16" sc="13" el="16" ec="39" bec="0" bev="0" fileid="1" />
                <SequencePoint vc="2" uspid="4" ordinal="3" offset="16" sl="17" sc="13" el="17" ec="41" bec="0" bev="0" fileid="1" />
                <SequencePoint vc="2" uspid="5" ordinal="4" offset="24" sl="18" sc="13" el="18" ec="43" bec="0" bev="0" fileid="1" />
                <SequencePoint vc="2" uspid="6" ordinal="5" offset="32" sl="19" sc="9" el="19" ec="10" bec="0" bev="0" fileid="1" />
              </SequencePoints>
              <BranchPoints />
              <MethodPoint xsi:type="SequencePoint" vc="2" uspid="1" ordinal="0" offset="0" sl="14" sc="9" el="14" ec="110" bec="0" bev="0" fileid="1" />
            </Method>
            <Method visited="true" cyclomaticComplexity="1" nPathComplexity="0" sequenceCoverage="100" branchCoverage="100" crapScore="1" isConstructor="false" isStatic="false" isGetter="false" isSetter="false">
              <Summary numSequencePoints="3" visitedSequencePoints="3" numBranchPoints="1" visitedBranchPoints="1" sequenceCoverage="100" branchCoverage="100" maxCyclomaticComplexity="1" minCyclomaticComplexity="1" maxCrapScore="1" minCrapScore="1" visitedClasses="0" numClasses="0" visitedMethods="1" numMethods="1" />
              <MetadataToken>100663304</MetadataToken>
              <Name>System.String ageCheckerClassLibrary.AgeChecker::FormatResult(System.Int32,System.Int32,System.Int32,System.Int32)</Name>
              <FileRef uid="1" />
              <SequencePoints>
                <SequencePoint vc="1" uspid="7" ordinal="0" offset="0" sl="21" sc="83" el="21" ec="84" bec="0" bev="0" fileid="1" />
                <SequencePoint vc="1" uspid="8" ordinal="1" offset="1" sl="23" sc="13" el="29" ec="16" bec="0" bev="0" fileid="1" />
                <SequencePoint vc="1" uspid="9" ordinal="2" offset="104" sl="30" sc="9" el="30" ec="10" bec="0" bev="0" fileid="1" />
              </SequencePoints>
              <BranchPoints />
              <MethodPoint xsi:type="SequencePoint" vc="1" uspid="7" ordinal="0" offset="0" sl="21" sc="83" el="21" ec="84" bec="0" bev="0" fileid="1" />
            </Method>
            <Method visited="true" cyclomaticComplexity="1" nPathComplexity="0" sequenceCoverage="100" branchCoverage="100" crapScore="1" isConstructor="false" isStatic="false" isGetter="false" isSetter="false">
              <Summary numSequencePoints="13" visitedSequencePoints="13" numBranchPoints="1" visitedBranchPoints="1" sequenceCoverage="100" branchCoverage="100" maxCyclomaticComplexity="1" minCyclomaticComplexity="1" maxCrapScore="1" minCrapScore="1" visitedClasses="0" numClasses="0" visitedMethods="1" numMethods="1" />
              <MetadataToken>100663305</MetadataToken>
              <Name>System.String ageCheckerClassLibrary.AgeChecker::GetResult(System.String)</Name>
              <FileRef uid="1" />
              <SequencePoints>
                <SequencePoint vc="2" uspid="10" ordinal="0" offset="0" sl="32" sc="47" el="32" ec="48" bec="0" bev="0" fileid="1" />
                <SequencePoint vc="2" uspid="11" ordinal="1" offset="1" sl="36" sc="17" el="36" ec="18" bec="0" bev="0" fileid="1" />
                <SequencePoint vc="2" uspid="12" ordinal="2" offset="2" sl="38" sc="17" el="38" ec="53" bec="0" bev="0" fileid="1" />
                <SequencePoint vc="1" uspid="13" ordinal="3" offset="15" sl="39" sc="13" el="39" ec="14" bec="0" bev="0" fileid="1" />
                <SequencePoint vc="1" uspid="14" ordinal="4" offset="18" sl="40" sc="13" el="40" ec="29" bec="0" bev="0" fileid="1" />
                <SequencePoint vc="1" uspid="15" ordinal="5" offset="19" sl="40" sc="30" el="40" ec="31" bec="0" bev="0" fileid="1" />
                <SequencePoint vc="1" uspid="16" ordinal="6" offset="20" sl="42" sc="17" el="42" ec="47" bec="0" bev="0" fileid="1" />
                <SequencePoint vc="1" uspid="17" ordinal="7" offset="30" sl="45" sc="13" el="45" ec="78" bec="0" bev="0" fileid="1" />
                <SequencePoint vc="1" uspid="18" ordinal="8" offset="48" sl="46" sc="13" el="46" ec="73" bec="0" bev="0" fileid="1" />
                <SequencePoint vc="1" uspid="19" ordinal="9" offset="66" sl="47" sc="13" el="47" ec="55" bec="0" bev="0" fileid="1" />
                <SequencePoint vc="1" uspid="20" ordinal="10" offset="79" sl="48" sc="13" el="48" ec="62" bec="0" bev="0" fileid="1" />
                <SequencePoint vc="1" uspid="21" ordinal="11" offset="93" sl="50" sc="13" el="50" ec="63" bec="0" bev="0" fileid="1" />
                <SequencePoint vc="2" uspid="22" ordinal="12" offset="109" sl="51" sc="9" el="51" ec="10" bec="0" bev="0" fileid="1" />
              </SequencePoints>
              <BranchPoints />
              <MethodPoint xsi:type="SequencePoint" vc="2" uspid="10" ordinal="0" offset="0" sl="32" sc="47" el="32" ec="48" bec="0" bev="0" fileid="1" />
            </Method>
          </Methods>
        </Class>
        <Class>
          <Summary numSequencePoints="58" visitedSequencePoints="58" numBranchPoints="22" visitedBranchPoints="22" sequenceCoverage="100" branchCoverage="100" maxCyclomaticComplexity="6" minCyclomaticComplexity="1" maxCrapScore="6" minCrapScore="1" visitedClasses="1" numClasses="1" visitedMethods="8" numMethods="8" />
          <FullName>ageCheckerClassLibrary.DateChecker</FullName>
          <Methods>
            <Method skippedDueTo="AutoImplementedProperty" visited="false" cyclomaticComplexity="1" nPathComplexity="0" sequenceCoverage="0" branchCoverage="0" crapScore="0" isConstructor="false" isStatic="false" isGetter="true" isSetter="false">
              <MetadataToken>100663310</MetadataToken>
              <Name>ageCheckerClassLibrary.IMonthChecker ageCheckerClassLibrary.DateChecker::get_MonthChecker()</Name>
              <SequencePoints />
              <BranchPoints />
            </Method>
            <Method skippedDueTo="AutoImplementedProperty" visited="false" cyclomaticComplexity="1" nPathComplexity="0" sequenceCoverage="0" branchCoverage="0" crapScore="0" isConstructor="false" isStatic="false" isGetter="false" isSetter="true">
              <MetadataToken>100663311</MetadataToken>
              <Name>System.Void ageCheckerClassLibrary.DateChecker::set_MonthChecker(ageCheckerClassLibrary.IMonthChecker)</Name>
              <SequencePoints />
              <BranchPoints />
            </Method>
            <Method skippedDueTo="AutoImplementedProperty" visited="false" cyclomaticComplexity="1" nPathComplexity="0" sequenceCoverage="0" branchCoverage="0" crapScore="0" isConstructor="false" isStatic="false" isGetter="true" isSetter="false">
              <MetadataToken>100663312</MetadataToken>
              <Name>ageCheckerClassLibrary.IYearChecker ageCheckerClassLibrary.DateChecker::get_YearChecker()</Name>
              <SequencePoints />
              <BranchPoints />
            </Method>
            <Method skippedDueTo="AutoImplementedProperty" visited="false" cyclomaticComplexity="1" nPathComplexity="0" sequenceCoverage="0" branchCoverage="0" crapScore="0" isConstructor="false" isStatic="false" isGetter="false" isSetter="true">
              <MetadataToken>100663313</MetadataToken>
              <Name>System.Void ageCheckerClassLibrary.DateChecker::set_YearChecker(ageCheckerClassLibrary.IYearChecker)</Name>
              <SequencePoints />
              <BranchPoints />
            </Method>
            <Method visited="true" cyclomaticComplexity="1" nPathComplexity="0" sequenceCoverage="100" branchCoverage="100" crapScore="1" isConstructor="true" isStatic="false" isGetter="false" isSetter="false">
              <Summary numSequencePoints="5" visitedSequencePoints="5" numBranchPoints="1" visitedBranchPoints="1" sequenceCoverage="100" branchCoverage="100" maxCyclomaticComplexity="1" minCyclomaticComplexity="1" maxCrapScore="1" minCrapScore="1" visitedClasses="0" numClasses="0" visitedMethods="1" numMethods="1" />
              <MetadataToken>100663314</MetadataToken>
              <Name>System.Void ageCheckerClassLibrary.DateChecker::.ctor(ageCheckerClassLibrary.IMonthChecker,ageCheckerClassLibrary.IYearChecker)</Name>
              <FileRef uid="2" />
              <SequencePoints>
                <SequencePoint vc="13" uspid="23" ordinal="0" offset="0" sl="14" sc="9" el="14" ec="81" bec="0" bev="0" fileid="2" />
                <SequencePoint vc="13" uspid="24" ordinal="1" offset="7" sl="14" sc="82" el="14" ec="83" bec="0" bev="0" fileid="2" />
                <SequencePoint vc="13" uspid="25" ordinal="2" offset="8" sl="16" sc="13" el="16" ec="41" bec="0" bev="0" fileid="2" />
                <SequencePoint vc="13" uspid="26" ordinal="3" offset="16" sl="17" sc="13" el="17" ec="39" bec="0" bev="0" fileid="2" />
                <SequencePoint vc="13" uspid="27" ordinal="4" offset="24" sl="18" sc="9" el="18" ec="10" bec="0" bev="0" fileid="2" />
              </SequencePoints>
              <BranchPoints />
              <MethodPoint xsi:type="SequencePoint" vc="13" uspid="23" ordinal="0" offset="0" sl="14" sc="9" el="14" ec="81" bec="0" bev="0" fileid="2" />
            </Method>
            <Method visited="true" cyclomaticComplexity="3" nPathComplexity="2" sequenceCoverage="100" branchCoverage="100" crapScore="3" isConstructor="false" isStatic="false" isGetter="false" isSetter="false">
              <Summary numSequencePoints="6" visitedSequencePoints="6" numBranchPoints="3" visitedBranchPoints="3" sequenceCoverage="100" branchCoverage="100" maxCyclomaticComplexity="3" minCyclomaticComplexity="3" maxCrapScore="3" minCrapScore="3" visitedClasses="0" numClasses="0" visitedMethods="1" numMethods="1" />
              <MetadataToken>100663315</MetadataToken>
              <Name>System.Int32[] ageCheckerClassLibrary.DateChecker::ParseNumbers(System.String)</Name>
              <FileRef uid="2" />
              <SequencePoints>
                <SequencePoint vc="4" uspid="28" ordinal="0" offset="0" sl="20" sc="49" el="20" ec="50" bec="0" bev="0" fileid="2" />
                <SequencePoint vc="4" uspid="29" ordinal="1" offset="1" sl="22" sc="13" el="22" ec="44" bec="2" bev="2" fileid="2" />
                <SequencePoint vc="1" uspid="30" ordinal="2" offset="16" sl="22" sc="45" el="22" ec="46" bec="0" bev="0" fileid="2" />
                <SequencePoint vc="1" uspid="31" ordinal="3" offset="17" sl="24" sc="17" el="24" ec="35" bec="0" bev="0" fileid="2" />
                <SequencePoint vc="3" uspid="32" ordinal="4" offset="26" sl="27" sc="13" el="30" ec="36" bec="0" bev="0" fileid="2" />
                <SequencePoint vc="4" uspid="33" ordinal="5" offset="86" sl="31" sc="9" el="31" ec="10" bec="0" bev="0" fileid="2" />
              </SequencePoints>
              <BranchPoints>
                <BranchPoint vc="1" uspid="34" ordinal="0" offset="14" sl="22" path="0" offsetend="16" fileid="2" />
                <BranchPoint vc="3" uspid="35" ordinal="1" offset="14" sl="22" path="1" offsetend="26" fileid="2" />
              </BranchPoints>
              <MethodPoint xsi:type="SequencePoint" vc="4" uspid="28" ordinal="0" offset="0" sl="20" sc="49" el="20" ec="50" bec="0" bev="0" fileid="2" />
            </Method>
            <Method visited="true" cyclomaticComplexity="4" nPathComplexity="2" sequenceCoverage="100" branchCoverage="100" crapScore="4" isConstructor="false" isStatic="false" isGetter="false" isSetter="false">
              <Summary numSequencePoints="11" visitedSequencePoints="11" numBranchPoints="3" visitedBranchPoints="3" sequenceCoverage="100" branchCoverage="100" maxCyclomaticComplexity="4" minCyclomaticComplexity="4" maxCrapScore="4" minCrapScore="4" visitedClasses="0" numClasses="0" visitedMethods="1" numMethods="1" />
              <MetadataToken>100663316</MetadataToken>
              <Name>System.DateTime ageCheckerClassLibrary.DateChecker::ParseDate(System.String)</Name>
              <FileRef uid="2" />
              <SequencePoints>
                <SequencePoint vc="4" uspid="38" ordinal="0" offset="0" sl="33" sc="48" el="33" ec="49" bec="0" bev="0" fileid="2" />
                <SequencePoint vc="4" uspid="39" ordinal="1" offset="1" sl="35" sc="13" el="35" ec="48" bec="0" bev="0" fileid="2" />
                <SequencePoint vc="4" uspid="40" ordinal="2" offset="9" sl="37" sc="13" el="37" ec="74" bec="2" bev="2" fileid="2" />
                <SequencePoint vc="2" uspid="41" ordinal="3" offset="63" sl="37" sc="75" el="37" ec="76" bec="0" bev="0" fileid="2" />
                <SequencePoint vc="2" uspid="42" ordinal="4" offset="64" sl="39" sc="17" el="39" ec="69" bec="0" bev="0" fileid="2" />
                <SequencePoint vc="2" uspid="43" ordinal="5" offset="75" sl="42" sc="17" el="42" ec="18" bec="0" bev="0" fileid="2" />
                <SequencePoint vc="2" uspid="44" ordinal="6" offset="76" sl="44" sc="17" el="44" ec="73" bec="0" bev="0" fileid="2" />
                <SequencePoint vc="1" uspid="45" ordinal="7" offset="93" sl="46" sc="13" el="46" ec="47" bec="0" bev="0" fileid="2" />
                <SequencePoint vc="1" uspid="46" ordinal="8" offset="94" sl="46" sc="48" el="46" ec="49" bec="0" bev="0" fileid="2" />
                <SequencePoint vc="1" uspid="47" ordinal="9" offset="95" sl="48" sc="17" el="48" ec="83" bec="0" bev="0" fileid="2" />
                <SequencePoint vc="1" uspid="48" ordinal="10" offset="107" sl="50" sc="9" el="50" ec="10" bec="0" bev="0" fileid="2" />
              </SequencePoints>
              <BranchPoints>
                <BranchPoint vc="2" uspid="53" ordinal="4" offset="61" sl="37" path="0" offsetend="63" fileid="2" />
                <BranchPoint vc="2" uspid="54" ordinal="5" offset="61" sl="37" path="1" offsetend="75" fileid="2" />
              </BranchPoints>
              <MethodPoint xsi:type="SequencePoint" vc="4" uspid="38" ordinal="0" offset="0" sl="33" sc="48" el="33" ec="49" bec="0" bev="0" fileid="2" />
            </Method>
            <Method visited="true" cyclomaticComplexity="4" nPathComplexity="4" sequenceCoverage="100" branchCoverage="100" crapScore="4" isConstructor="false" isStatic="false" isGetter="false" isSetter="false">
              <Summary numSequencePoints="14" visitedSequencePoints="14" numBranchPoints="5" visitedBranchPoints="5" sequenceCoverage="100" branchCoverage="100" maxCyclomaticComplexity="4" minCyclomaticComplexity="4" maxCrapScore="4" minCrapScore="4" visitedClasses="0" numClasses="0" visitedMethods="1" numMethods="1" />
              <MetadataToken>100663317</MetadataToken>
              <Name>System.Int32 ageCheckerClassLibrary.DateChecker::GetElapsedDaysInCurrentYear(System.DateTime)</Name>
              <FileRef uid="2" />
              <SequencePoints>
                <SequencePoint vc="9" uspid="55" ordinal="0" offset="0" sl="52" sc="63" el="52" ec="64" bec="0" bev="0" fileid="2" />
                <SequencePoint vc="9" uspid="56" ordinal="1" offset="1" sl="54" sc="13" el="54" ec="32" bec="2" bev="2" fileid="2" />
                <SequencePoint vc="3" uspid="57" ordinal="2" offset="18" sl="54" sc="33" el="54" ec="34" bec="0" bev="0" fileid="2" />
                <SequencePoint vc="3" uspid="58" ordinal="3" offset="19" sl="56" sc="17" el="56" ec="33" bec="0" bev="0" fileid="2" />
                <SequencePoint vc="6" uspid="59" ordinal="4" offset="29" sl="59" sc="13" el="59" ec="40" bec="0" bev="0" fileid="2" />
                <SequencePoint vc="6" uspid="60" ordinal="5" offset="37" sl="61" sc="13" el="61" ec="20" bec="0" bev="0" fileid="2" />
                <SequencePoint vc="6" uspid="61" ordinal="6" offset="38" sl="61" sc="34" el="61" ec="69" bec="0" bev="0" fileid="2" />
                <SequencePoint vc="9" uspid="62" ordinal="7" offset="62" sl="61" sc="21" el="61" ec="30" bec="0" bev="0" fileid="2" />
                <SequencePoint vc="9" uspid="63" ordinal="8" offset="70" sl="61" sc="71" el="61" ec="72" bec="0" bev="0" fileid="2" />
                <SequencePoint vc="9" uspid="64" ordinal="9" offset="71" sl="63" sc="17" el="63" ec="78" bec="0" bev="0" fileid="2" />
                <SequencePoint vc="9" uspid="65" ordinal="10" offset="93" sl="64" sc="13" el="64" ec="14" bec="0" bev="0" fileid="2" />
                <SequencePoint vc="15" uspid="66" ordinal="11" offset="94" sl="61" sc="31" el="61" ec="33" bec="2" bev="2" fileid="2" />
                <SequencePoint vc="6" uspid="67" ordinal="12" offset="126" sl="66" sc="13" el="66" ec="32" bec="0" bev="0" fileid="2" />
                <SequencePoint vc="9" uspid="68" ordinal="13" offset="130" sl="67" sc="9" el="67" ec="10" bec="0" bev="0" fileid="2" />
              </SequencePoints>
              <BranchPoints>
                <BranchPoint vc="3" uspid="69" ordinal="0" offset="16" sl="54" path="0" offsetend="18" fileid="2" />
                <BranchPoint vc="6" uspid="70" ordinal="1" offset="16" sl="54" path="1" offsetend="29" fileid="2" />
                <BranchPoint vc="6" uspid="71" ordinal="2" offset="103" sl="61" path="0" offsetend="105" fileid="2" />
                <BranchPoint vc="9" uspid="72" ordinal="3" offset="103" sl="61" path="1" offsetend="62" fileid="2" />
              </BranchPoints>
              <MethodPoint xsi:type="SequencePoint" vc="9" uspid="55" ordinal="0" offset="0" sl="52" sc="63" el="52" ec="64" bec="0" bev="0" fileid="2" />
            </Method>
            <Method visited="true" cyclomaticComplexity="1" nPathComplexity="0" sequenceCoverage="100" branchCoverage="100" crapScore="1" isConstructor="false" isStatic="false" isGetter="false" isSetter="false">
              <Summary numSequencePoints="3" visitedSequencePoints="3" numBranchPoints="1" visitedBranchPoints="1" sequenceCoverage="100" branchCoverage="100" maxCyclomaticComplexity="1" minCyclomaticComplexity="1" maxCrapScore="1" minCrapScore="1" visitedClasses="0" numClasses="0" visitedMethods="1" numMethods="1" />
              <MetadataToken>100663318</MetadataToken>
              <Name>System.Int32 ageCheckerClassLibrary.DateChecker::GetRemainingDaysInCurrentYear(System.DateTime)</Name>
              <FileRef uid="2" />
              <SequencePoints>
                <SequencePoint vc="3" uspid="73" ordinal="0" offset="0" sl="69" sc="65" el="69" ec="66" bec="0" bev="0" fileid="2" />
                <SequencePoint vc="3" uspid="74" ordinal="1" offset="1" sl="71" sc="13" el="71" ec="97" bec="0" bev="0" fileid="2" />
                <SequencePoint vc="3" uspid="75" ordinal="2" offset="32" sl="72" sc="9" el="72" ec="10" bec="0" bev="0" fileid="2" />
              </SequencePoints>
              <BranchPoints />
              <MethodPoint xsi:type="SequencePoint" vc="3" uspid="73" ordinal="0" offset="0" sl="69" sc="65" el="69" ec="66" bec="0" bev="0" fileid="2" />
            </Method>
            <Method visited="true" cyclomaticComplexity="6" nPathComplexity="8" sequenceCoverage="100" branchCoverage="100" crapScore="6" isConstructor="false" isStatic="false" isGetter="false" isSetter="false">
              <Summary numSequencePoints="17" visitedSequencePoints="17" numBranchPoints="7" visitedBranchPoints="7" sequenceCoverage="100" branchCoverage="100" maxCyclomaticComplexity="6" minCyclomaticComplexity="6" maxCrapScore="6" minCrapScore="6" visitedClasses="0" numClasses="0" visitedMethods="1" numMethods="1" />
              <MetadataToken>100663319</MetadataToken>
              <Name>System.Int32 ageCheckerClassLibrary.DateChecker::GetElapsedDays(System.DateTime,System.DateTime)</Name>
              <FileRef uid="2" />
              <SequencePoints>
                <SequencePoint vc="4" uspid="76" ordinal="0" offset="0" sl="74" sc="65" el="74" ec="66" bec="0" bev="0" fileid="2" />
                <SequencePoint vc="4" uspid="77" ordinal="1" offset="1" sl="76" sc="13" el="76" ec="28" bec="2" bev="2" fileid="2" />
                <SequencePoint vc="1" uspid="78" ordinal="2" offset="15" sl="76" sc="29" el="76" ec="30" bec="0" bev="0" fileid="2" />
                <SequencePoint vc="1" uspid="79" ordinal="3" offset="16" sl="78" sc="17" el="78" ec="83" bec="0" bev="0" fileid="2" />
                <SequencePoint vc="3" uspid="80" ordinal="4" offset="27" sl="81" sc="13" el="81" ec="39" bec="2" bev="2" fileid="2" />
                <SequencePoint vc="2" uspid="81" ordinal="5" offset="50" sl="81" sc="40" el="81" ec="41" bec="0" bev="0" fileid="2" />
                <SequencePoint vc="2" uspid="82" ordinal="6" offset="51" sl="83" sc="17" el="83" ec="113" bec="0" bev="0" fileid="2" />
                <SequencePoint vc="1" uspid="83" ordinal="7" offset="82" sl="86" sc="13" el="86" ec="103" bec="0" bev="0" fileid="2" />
                <SequencePoint vc="1" uspid="84" ordinal="8" offset="98" sl="88" sc="13" el="88" ec="20" bec="0" bev="0" fileid="2" />
                <SequencePoint vc="1" uspid="85" ordinal="9" offset="99" sl="88" sc="33" el="88" ec="92" bec="0" bev="0" fileid="2" />
                <SequencePoint vc="1" uspid="86" ordinal="10" offset="139" sl="88" sc="21" el="88" ec="29" bec="0" bev="0" fileid="2" />
                <SequencePoint vc="1" uspid="87" ordinal="11" offset="147" sl="88" sc="94" el="88" ec="95" bec="0" bev="0" fileid="2" />
                <SequencePoint vc="1" uspid="88" ordinal="12" offset="148" sl="90" sc="17" el="90" ec="64" bec="0" bev="0" fileid="2" />
                <SequencePoint vc="1" uspid="89" ordinal="13" offset="163" sl="91" sc="13" el="91" ec="14" bec="0" bev="0" fileid="2" />
                <SequencePoint vc="2" uspid="90" ordinal="14" offset="164" sl="88" sc="30" el="88" ec="32" bec="2" bev="2" fileid="2" />
                <SequencePoint vc="1" uspid="91" ordinal="15" offset="196" sl="93" sc="13" el="93" ec="32" bec="0" bev="0" fileid="2" />
                <SequencePoint vc="3" uspid="92" ordinal="16" offset="200" sl="94" sc="9" el="94" ec="10" bec="0" bev="0" fileid="2" />
              </SequencePoints>
              <BranchPoints>
                <BranchPoint vc="1" uspid="93" ordinal="0" offset="13" sl="76" path="0" offsetend="15" fileid="2" />
                <BranchPoint vc="3" uspid="94" ordinal="1" offset="13" sl="76" path="1" offsetend="27" fileid="2" />
                <BranchPoint vc="2" uspid="95" ordinal="2" offset="48" sl="81" path="0" offsetend="50" fileid="2" />
                <BranchPoint vc="1" uspid="96" ordinal="3" offset="48" sl="81" path="1" offsetend="82" fileid="2" />
                <BranchPoint vc="1" uspid="99" ordinal="6" offset="173" sl="88" path="0" offsetend="175" fileid="2" />
                <BranchPoint vc="1" uspid="100" ordinal="7" offset="173" sl="88" path="1" offsetend="139" fileid="2" />
              </BranchPoints>
              <MethodPoint xsi:type="SequencePoint" vc="4" uspid="76" ordinal="0" offset="0" sl="74" sc="65" el="74" ec="66" bec="0" bev="0" fileid="2" />
            </Method>
            <Method visited="true" cyclomaticComplexity="1" nPathComplexity="0" sequenceCoverage="100" branchCoverage="100" crapScore="1" isConstructor="false" isStatic="true" isGetter="false" isSetter="false">
              <Summary numSequencePoints="1" visitedSequencePoints="1" numBranchPoints="1" visitedBranchPoints="1" sequenceCoverage="100" branchCoverage="100" maxCyclomaticComplexity="1" minCyclomaticComplexity="1" maxCrapScore="1" minCrapScore="1" visitedClasses="0" numClasses="0" visitedMethods="1" numMethods="1" />
              <MetadataToken>100663320</MetadataToken>
              <Name>System.Int32 ageCheckerClassLibrary.DateChecker::&lt;ParseNumbers&gt;b__0(System.Text.RegularExpressions.Match)</Name>
              <FileRef uid="2" />
              <SequencePoints>
                <SequencePoint vc="8" uspid="101" ordinal="0" offset="0" sl="29" sc="43" el="29" ec="66" bec="0" bev="0" fileid="2" />
              </SequencePoints>
              <BranchPoints />
              <MethodPoint xsi:type="SequencePoint" vc="8" uspid="101" ordinal="0" offset="0" sl="29" sc="43" el="29" ec="66" bec="0" bev="0" fileid="2" />
            </Method>
            <Method visited="true" cyclomaticComplexity="1" nPathComplexity="0" sequenceCoverage="100" branchCoverage="100" crapScore="1" isConstructor="false" isStatic="true" isGetter="false" isSetter="false">
              <Summary numSequencePoints="1" visitedSequencePoints="1" numBranchPoints="1" visitedBranchPoints="1" sequenceCoverage="100" branchCoverage="100" maxCyclomaticComplexity="1" minCyclomaticComplexity="1" maxCrapScore="1" minCrapScore="1" visitedClasses="0" numClasses="0" visitedMethods="1" numMethods="1" />
              <MetadataToken>100663321</MetadataToken>
              <Name>System.Boolean ageCheckerClassLibrary.DateChecker::&lt;ParseDate&gt;b__2(System.Int32)</Name>
              <FileRef uid="2" />
              <SequencePoints>
                <SequencePoint vc="6" uspid="102" ordinal="0" offset="0" sl="37" sc="61" el="37" ec="72" bec="0" bev="0" fileid="2" />
              </SequencePoints>
              <BranchPoints />
              <MethodPoint xsi:type="SequencePoint" vc="6" uspid="102" ordinal="0" offset="0" sl="37" sc="61" el="37" ec="72" bec="0" bev="0" fileid="2" />
            </Method>
          </Methods>
        </Class>
        <Class>
          <Summary numSequencePoints="20" visitedSequencePoints="20" numBranchPoints="11" visitedBranchPoints="11" sequenceCoverage="100" branchCoverage="100" maxCyclomaticComplexity="4" minCyclomaticComplexity="1" maxCrapScore="4" minCrapScore="1" visitedClasses="1" numClasses="1" visitedMethods="3" numMethods="3" />
          <FullName>ageCheckerClassLibrary.MonthChecker</FullName>
          <Methods>
            <Method skippedDueTo="AutoImplementedProperty" visited="false" cyclomaticComplexity="1" nPathComplexity="0" sequenceCoverage="0" branchCoverage="0" crapScore="0" isConstructor="false" isStatic="false" isGetter="true" isSetter="false">
              <MetadataToken>100663328</MetadataToken>
              <Name>ageCheckerClassLibrary.IYearChecker ageCheckerClassLibrary.MonthChecker::get_YearChecker()</Name>
              <SequencePoints />
              <BranchPoints />
            </Method>
            <Method skippedDueTo="AutoImplementedProperty" visited="false" cyclomaticComplexity="1" nPathComplexity="0" sequenceCoverage="0" branchCoverage="0" crapScore="0" isConstructor="false" isStatic="false" isGetter="false" isSetter="true">
              <MetadataToken>100663329</MetadataToken>
              <Name>System.Void ageCheckerClassLibrary.MonthChecker::set_YearChecker(ageCheckerClassLibrary.IYearChecker)</Name>
              <SequencePoints />
              <BranchPoints />
            </Method>
            <Method visited="true" cyclomaticComplexity="1" nPathComplexity="0" sequenceCoverage="100" branchCoverage="100" crapScore="1" isConstructor="true" isStatic="false" isGetter="false" isSetter="false">
              <Summary numSequencePoints="5" visitedSequencePoints="5" numBranchPoints="1" visitedBranchPoints="1" sequenceCoverage="100" branchCoverage="100" maxCyclomaticComplexity="1" minCyclomaticComplexity="1" maxCrapScore="1" minCrapScore="1" visitedClasses="0" numClasses="0" visitedMethods="1" numMethods="1" />
              <MetadataToken>100663330</MetadataToken>
              <Name>System.Void ageCheckerClassLibrary.MonthChecker::.ctor(ageCheckerClassLibrary.IYearChecker)</Name>
              <FileRef uid="3" />
              <SequencePoints>
                <SequencePoint vc="6" uspid="103" ordinal="0" offset="0" sl="10" sc="9" el="23" ec="11" bec="0" bev="0" fileid="3" />
                <SequencePoint vc="6" uspid="104" ordinal="1" offset="127" sl="27" sc="9" el="27" ec="54" bec="0" bev="0" fileid="3" />
                <SequencePoint vc="6" uspid="105" ordinal="2" offset="134" sl="27" sc="55" el="27" ec="56" bec="0" bev="0" fileid="3" />
                <SequencePoint vc="6" uspid="106" ordinal="3" offset="135" sl="29" sc="13" el="29" ec="39" bec="0" bev="0" fileid="3" />
                <SequencePoint vc="6" uspid="107" ordinal="4" offset="143" sl="30" sc="9" el="30" ec="10" bec="0" bev="0" fileid="3" />
              </SequencePoints>
              <BranchPoints />
              <MethodPoint xsi:type="SequencePoint" vc="6" uspid="103" ordinal="0" offset="0" sl="10" sc="9" el="23" ec="11" bec="0" bev="0" fileid="3" />
            </Method>
            <Method visited="true" cyclomaticComplexity="4" nPathComplexity="4" sequenceCoverage="100" branchCoverage="100" crapScore="4" isConstructor="false" isStatic="false" isGetter="false" isSetter="false">
              <Summary numSequencePoints="6" visitedSequencePoints="6" numBranchPoints="5" visitedBranchPoints="5" sequenceCoverage="100" branchCoverage="100" maxCyclomaticComplexity="4" minCyclomaticComplexity="4" maxCrapScore="4" minCrapScore="4" visitedClasses="0" numClasses="0" visitedMethods="1" numMethods="1" />
              <MetadataToken>100663331</MetadataToken>
              <Name>System.Int32 ageCheckerClassLibrary.MonthChecker::GetDaysInMonth(System.Int32,System.Int32)</Name>
              <FileRef uid="3" />
              <SequencePoints>
                <SequencePoint vc="3" uspid="108" ordinal="0" offset="0" sl="32" sc="56" el="32" ec="57" bec="0" bev="0" fileid="3" />
                <SequencePoint vc="3" uspid="109" ordinal="1" offset="1" sl="34" sc="13" el="34" ec="27" bec="2" bev="2" fileid="3" />
                <SequencePoint vc="2" uspid="110" ordinal="2" offset="12" sl="34" sc="28" el="34" ec="29" bec="0" bev="0" fileid="3" />
                <SequencePoint vc="2" uspid="111" ordinal="3" offset="13" sl="36" sc="17" el="36" ec="63" bec="2" bev="2" fileid="3" />
                <SequencePoint vc="1" uspid="112" ordinal="4" offset="37" sl="39" sc="13" el="39" ec="40" bec="0" bev="0" fileid="3" />
                <SequencePoint vc="3" uspid="113" ordinal="5" offset="52" sl="40" sc="9" el="40" ec="10" bec="0" bev="0" fileid="3" />
              </SequencePoints>
              <BranchPoints>
                <BranchPoint vc="2" uspid="114" ordinal="0" offset="10" sl="34" path="0" offsetend="12" fileid="3" />
                <BranchPoint vc="1" uspid="115" ordinal="1" offset="10" sl="34" path="1" offsetend="37" fileid="3" />
                <BranchPoint vc="1" uspid="116" ordinal="2" offset="25" sl="36" path="0" offsetend="27" fileid="3" />
                <BranchPoint vc="1" uspid="117" ordinal="3" offset="25" sl="36" path="1" offsetend="31" fileid="3" />
              </BranchPoints>
              <MethodPoint xsi:type="SequencePoint" vc="3" uspid="108" ordinal="0" offset="0" sl="32" sc="56" el="32" ec="57" bec="0" bev="0" fileid="3" />
            </Method>
            <Method visited="true" cyclomaticComplexity="3" nPathComplexity="4" sequenceCoverage="100" branchCoverage="100" crapScore="3" isConstructor="false" isStatic="false" isGetter="false" isSetter="false">
              <Summary numSequencePoints="9" visitedSequencePoints="9" numBranchPoints="5" visitedBranchPoints="5" sequenceCoverage="100" branchCoverage="100" maxCyclomaticComplexity="3" minCyclomaticComplexity="3" maxCrapScore="3" minCrapScore="3" visitedClasses="0" numClasses="0" visitedMethods="1" numMethods="1" />
              <MetadataToken>100663332</MetadataToken>
              <Name>System.Int32 ageCheckerClassLibrary.MonthChecker::GetElapsedMonths(System.DateTime,System.DateTime)</Name>
              <FileRef uid="3" />
              <SequencePoints>
                <SequencePoint vc="3" uspid="118" ordinal="0" offset="0" sl="42" sc="67" el="42" ec="68" bec="0" bev="0" fileid="3" />
                <SequencePoint vc="3" uspid="119" ordinal="1" offset="1" sl="44" sc="13" el="44" ec="28" bec="2" bev="2" fileid="3" />
                <SequencePoint vc="1" uspid="120" ordinal="2" offset="15" sl="44" sc="29" el="44" ec="30" bec="0" bev="0" fileid="3" />
                <SequencePoint vc="1" uspid="121" ordinal="3" offset="16" sl="46" sc="17" el="46" ec="83" bec="0" bev="0" fileid="3" />
                <SequencePoint vc="2" uspid="122" ordinal="4" offset="27" sl="49" sc="13" el="49" ec="39" bec="2" bev="2" fileid="3" />
                <SequencePoint vc="1" uspid="123" ordinal="5" offset="50" sl="49" sc="40" el="49" ec="41" bec="0" bev="0" fileid="3" />
                <SequencePoint vc="1" uspid="124" ordinal="6" offset="51" sl="51" sc="17" el="51" ec="48" bec="0" bev="0" fileid="3" />
                <SequencePoint vc="1" uspid="125" ordinal="7" offset="69" sl="54" sc="13" el="54" ec="92" bec="0" bev="0" fileid="3" />
                <SequencePoint vc="2" uspid="126" ordinal="8" offset="113" sl="55" sc="9" el="55" ec="10" bec="0" bev="0" fileid="3" />
              </SequencePoints>
              <BranchPoints>
                <BranchPoint vc="1" uspid="127" ordinal="0" offset="13" sl="44" path="0" offsetend="15" fileid="3" />
                <BranchPoint vc="2" uspid="128" ordinal="1" offset="13" sl="44" path="1" offsetend="27" fileid="3" />
                <BranchPoint vc="1" uspid="129" ordinal="2" offset="48" sl="49" path="0" offsetend="50" fileid="3" />
                <BranchPoint vc="1" uspid="130" ordinal="3" offset="48" sl="49" path="1" offsetend="69" fileid="3" />
              </BranchPoints>
              <MethodPoint xsi:type="SequencePoint" vc="3" uspid="118" ordinal="0" offset="0" sl="42" sc="67" el="42" ec="68" bec="0" bev="0" fileid="3" />
            </Method>
          </Methods>
        </Class>
        <Class>
          <Summary numSequencePoints="6" visitedSequencePoints="6" numBranchPoints="2" visitedBranchPoints="2" sequenceCoverage="100" branchCoverage="100" maxCyclomaticComplexity="1" minCyclomaticComplexity="1" maxCrapScore="2" minCrapScore="1" visitedClasses="1" numClasses="1" visitedMethods="2" numMethods="2" />
          <FullName>ageCheckerClassLibrary.TimeConverter</FullName>
          <Methods>
            <Method visited="true" cyclomaticComplexity="1" nPathComplexity="0" sequenceCoverage="100" branchCoverage="100" crapScore="1" isConstructor="false" isStatic="false" isGetter="false" isSetter="false">
              <Summary numSequencePoints="3" visitedSequencePoints="3" numBranchPoints="1" visitedBranchPoints="1" sequenceCoverage="100" branchCoverage="100" maxCyclomaticComplexity="1" minCyclomaticComplexity="1" maxCrapScore="1" minCrapScore="1" visitedClasses="0" numClasses="0" visitedMethods="1" numMethods="1" />
              <MetadataToken>100663333</MetadataToken>
              <Name>System.Int32 ageCheckerClassLibrary.TimeConverter::DayToHour(System.Int32)</Name>
              <FileRef uid="4" />
              <SequencePoints>
                <SequencePoint vc="1" uspid="131" ordinal="0" offset="0" sl="10" sc="40" el="10" ec="41" bec="0" bev="0" fileid="4" />
                <SequencePoint vc="1" uspid="132" ordinal="1" offset="1" sl="12" sc="13" el="12" ec="30" bec="0" bev="0" fileid="4" />
                <SequencePoint vc="1" uspid="133" ordinal="2" offset="8" sl="13" sc="9" el="13" ec="10" bec="0" bev="0" fileid="4" />
              </SequencePoints>
              <BranchPoints />
              <MethodPoint xsi:type="SequencePoint" vc="1" uspid="131" ordinal="0" offset="0" sl="10" sc="40" el="10" ec="41" bec="0" bev="0" fileid="4" />
            </Method>
            <Method visited="true" cyclomaticComplexity="1" nPathComplexity="0" sequenceCoverage="100" branchCoverage="100" crapScore="1" isConstructor="false" isStatic="false" isGetter="false" isSetter="false">
              <Summary numSequencePoints="3" visitedSequencePoints="3" numBranchPoints="1" visitedBranchPoints="1" sequenceCoverage="100" branchCoverage="100" maxCyclomaticComplexity="1" minCyclomaticComplexity="1" maxCrapScore="1" minCrapScore="1" visitedClasses="0" numClasses="0" visitedMethods="1" numMethods="1" />
              <MetadataToken>100663334</MetadataToken>
              <Name>System.Int32 ageCheckerClassLibrary.TimeConverter::HourToMinutes(System.Int32)</Name>
              <FileRef uid="4" />
              <SequencePoints>
                <SequencePoint vc="1" uspid="134" ordinal="0" offset="0" sl="15" sc="45" el="15" ec="46" bec="0" bev="0" fileid="4" />
                <SequencePoint vc="1" uspid="135" ordinal="1" offset="1" sl="17" sc="13" el="17" ec="31" bec="0" bev="0" fileid="4" />
                <SequencePoint vc="1" uspid="136" ordinal="2" offset="8" sl="18" sc="9" el="18" ec="10" bec="0" bev="0" fileid="4" />
              </SequencePoints>
              <BranchPoints />
              <MethodPoint xsi:type="SequencePoint" vc="1" uspid="134" ordinal="0" offset="0" sl="15" sc="45" el="15" ec="46" bec="0" bev="0" fileid="4" />
            </Method>
            <Method visited="false" cyclomaticComplexity="1" nPathComplexity="0" sequenceCoverage="0" branchCoverage="0" crapScore="2" isConstructor="true" isStatic="false" isGetter="false" isSetter="false">
              <Summary numSequencePoints="0" visitedSequencePoints="0" numBranchPoints="0" visitedBranchPoints="0" sequenceCoverage="0" branchCoverage="0" maxCyclomaticComplexity="1" minCyclomaticComplexity="1" maxCrapScore="2" minCrapScore="2" visitedClasses="0" numClasses="0" visitedMethods="0" numMethods="0" />
              <MetadataToken>100663335</MetadataToken>
              <Name>System.Void ageCheckerClassLibrary.TimeConverter::.ctor()</Name>
              <SequencePoints />
              <BranchPoints />
              <MethodPoint vc="0" uspid="137" ordinal="0" offset="0" />
            </Method>
          </Methods>
        </Class>
        <Class>
          <Summary numSequencePoints="9" visitedSequencePoints="9" numBranchPoints="6" visitedBranchPoints="6" sequenceCoverage="100" branchCoverage="100" maxCyclomaticComplexity="3" minCyclomaticComplexity="1" maxCrapScore="3" minCrapScore="2" visitedClasses="1" numClasses="1" visitedMethods="2" numMethods="2" />
          <FullName>ageCheckerClassLibrary.YearChecker</FullName>
          <Methods>
            <Method visited="true" cyclomaticComplexity="3" nPathComplexity="2" sequenceCoverage="100" branchCoverage="100" crapScore="3" isConstructor="false" isStatic="false" isGetter="false" isSetter="false">
              <Summary numSequencePoints="6" visitedSequencePoints="6" numBranchPoints="3" visitedBranchPoints="3" sequenceCoverage="100" branchCoverage="100" maxCyclomaticComplexity="3" minCyclomaticComplexity="3" maxCrapScore="3" minCrapScore="3" visitedClasses="0" numClasses="0" visitedMethods="1" numMethods="1" />
              <MetadataToken>100663336</MetadataToken>
              <Name>System.Boolean ageCheckerClassLibrary.YearChecker::IsLeapYear(System.Int32)</Name>
              <FileRef uid="5" />
              <SequencePoints>
                <SequencePoint vc="5" uspid="138" ordinal="0" offset="0" sl="10" sc="42" el="10" ec="43" bec="0" bev="0" fileid="5" />
                <SequencePoint vc="5" uspid="139" ordinal="1" offset="1" sl="12" sc="13" el="12" ec="30" bec="2" bev="2" fileid="5" />
                <SequencePoint vc="1" uspid="140" ordinal="2" offset="11" sl="12" sc="31" el="12" ec="32" bec="0" bev="0" fileid="5" />
                <SequencePoint vc="1" uspid="141" ordinal="3" offset="12" sl="14" sc="17" el="14" ec="30" bec="0" bev="0" fileid="5" />
                <SequencePoint vc="4" uspid="142" ordinal="4" offset="16" sl="17" sc="13" el="17" ec="55" bec="0" bev="0" fileid="5" />
                <SequencePoint vc="5" uspid="143" ordinal="5" offset="39" sl="18" sc="9" el="18" ec="10" bec="0" bev="0" fileid="5" />
              </SequencePoints>
              <BranchPoints>
                <BranchPoint vc="1" uspid="144" ordinal="0" offset="9" sl="12" path="0" offsetend="11" fileid="5" />
                <BranchPoint vc="4" uspid="145" ordinal="1" offset="9" sl="12" path="1" offsetend="16" fileid="5" />
              </BranchPoints>
              <MethodPoint xsi:type="SequencePoint" vc="5" uspid="138" ordinal="0" offset="0" sl="10" sc="42" el="10" ec="43" bec="0" bev="0" fileid="5" />
            </Method>
            <Method visited="true" cyclomaticComplexity="3" nPathComplexity="2" sequenceCoverage="100" branchCoverage="100" crapScore="3" isConstructor="false" isStatic="false" isGetter="false" isSetter="false">
              <Summary numSequencePoints="3" visitedSequencePoints="3" numBranchPoints="3" visitedBranchPoints="3" sequenceCoverage="100" branchCoverage="100" maxCyclomaticComplexity="3" minCyclomaticComplexity="3" maxCrapScore="3" minCrapScore="3" visitedClasses="0" numClasses="0" visitedMethods="1" numMethods="1" />
              <MetadataToken>100663337</MetadataToken>
              <Name>System.Int32 ageCheckerClassLibrary.YearChecker::GetDaysInYear(System.Int32)</Name>
              <FileRef uid="5" />
              <SequencePoints>
                <SequencePoint vc="2" uspid="148" ordinal="0" offset="0" sl="20" sc="44" el="20" ec="45" bec="0" bev="0" fileid="5" />
                <SequencePoint vc="2" uspid="149" ordinal="1" offset="1" sl="22" sc="13" el="22" ec="49" bec="2" bev="2" fileid="5" />
                <SequencePoint vc="2" uspid="150" ordinal="2" offset="26" sl="23" sc="9" el="23" ec="10" bec="0" bev="0" fileid="5" />
              </SequencePoints>
              <BranchPoints>
                <BranchPoint vc="1" uspid="151" ordinal="0" offset="8" sl="22" path="0" offsetend="10" fileid="5" />
                <BranchPoint vc="1" uspid="152" ordinal="1" offset="8" sl="22" path="1" offsetend="17" fileid="5" />
              </BranchPoints>
              <MethodPoint xsi:type="SequencePoint" vc="2" uspid="148" ordinal="0" offset="0" sl="20" sc="44" el="20" ec="45" bec="0" bev="0" fileid="5" />
            </Method>
            <Method visited="false" cyclomaticComplexity="1" nPathComplexity="0" sequenceCoverage="0" branchCoverage="0" crapScore="2" isConstructor="true" isStatic="false" isGetter="false" isSetter="false">
              <Summary numSequencePoints="0" visitedSequencePoints="0" numBranchPoints="0" visitedBranchPoints="0" sequenceCoverage="0" branchCoverage="0" maxCyclomaticComplexity="1" minCyclomaticComplexity="1" maxCrapScore="2" minCrapScore="2" visitedClasses="0" numClasses="0" visitedMethods="0" numMethods="0" />
              <MetadataToken>100663338</MetadataToken>
              <Name>System.Void ageCheckerClassLibrary.YearChecker::.ctor()</Name>
              <SequencePoints />
              <BranchPoints />
              <MethodPoint vc="0" uspid="153" ordinal="0" offset="0" />
            </Method>
          </Methods>
        </Class>
      </Classes>
    </Module>
  </Modules>
</CoverageSession>