<?xml version="1.0" encoding="utf-8"?>
<CoverageSession xmlns:xsd="http://www.w3.org/2001/XMLSchema" xmlns:xsi="http://www.w3.org/2001/XMLSchema-instance" Version="4.6.0.0">
  <Summary numSequencePoints="89" visitedSequencePoints="89" numBranchPoints="32" visitedBranchPoints="32" sequenceCoverage="100" branchCoverage="100" maxCyclomaticComplexity="5" minCyclomaticComplexity="1" maxCrapScore="5" minCrapScore="1" visitedClasses="6" numClasses="6" visitedMethods="18" numMethods="18" />
  <Modules>
    <Module hash="8B-B0-47-BC-36-AB-B0-23-51-71-DD-64-E3-9B-C9-42-29-EF-EB-77">
      <Summary numSequencePoints="89" visitedSequencePoints="89" numBranchPoints="32" visitedBranchPoints="32" sequenceCoverage="100" branchCoverage="100" maxCyclomaticComplexity="5" minCyclomaticComplexity="1" maxCrapScore="5" minCrapScore="1" visitedClasses="6" numClasses="6" visitedMethods="18" numMethods="18" />
      <ModulePath>D:\all_languages\reddit_challenges\challenge_346\easy\cryptarithmeticSolver\CryptarithmeticSolverTest\bin\Debug\CryptarithmeticSolverClassLibrary.dll</ModulePath>
      <ModuleTime>2018-01-10T07:01:31.7115106Z</ModuleTime>
      <ModuleName>CryptarithmeticSolverClassLibrary</ModuleName>
      <Files>
        <File uid="1" fullPath="d:\all_languages\reddit_challenges\challenge_346\easy\cryptarithmeticSolver\CryptarithmeticSolverClassLibrary\CryptarithmeticSolver.cs" />
        <File uid="6" fullPath="d:\all_languages\reddit_challenges\challenge_346\easy\cryptarithmeticSolver\CryptarithmeticSolverClassLibrary\Utility.cs" />
      </Files>
      <Classes>
        <Class>
          <Summary numSequencePoints="52" visitedSequencePoints="52" numBranchPoints="14" visitedBranchPoints="14" sequenceCoverage="100" branchCoverage="100" maxCyclomaticComplexity="3" minCyclomaticComplexity="1" maxCrapScore="3" minCrapScore="1" visitedClasses="1" numClasses="1" visitedMethods="8" numMethods="8" />
          <FullName>CryptarithmeticSolverClassLibrary.CryptarithmeticSolver</FullName>
          <Methods>
            <Method skippedDueTo="AutoImplementedProperty" visited="false" cyclomaticComplexity="1" nPathComplexity="0" sequenceCoverage="0" branchCoverage="0" crapScore="0" isConstructor="false" isStatic="false" isGetter="true" isSetter="false">
              <MetadataToken>100663297</MetadataToken>
              <Name>CryptarithmeticSolverClassLibrary.IUtility CryptarithmeticSolverClassLibrary.CryptarithmeticSolver::get_Utility()</Name>
              <SequencePoints />
              <BranchPoints />
            </Method>
            <Method skippedDueTo="AutoImplementedProperty" visited="false" cyclomaticComplexity="1" nPathComplexity="0" sequenceCoverage="0" branchCoverage="0" crapScore="0" isConstructor="false" isStatic="false" isGetter="false" isSetter="true">
              <MetadataToken>100663298</MetadataToken>
              <Name>System.Void CryptarithmeticSolverClassLibrary.CryptarithmeticSolver::set_Utility(CryptarithmeticSolverClassLibrary.IUtility)</Name>
              <SequencePoints />
              <BranchPoints />
            </Method>
            <Method visited="true" cyclomaticComplexity="1" nPathComplexity="0" sequenceCoverage="100" branchCoverage="100" crapScore="1" isConstructor="true" isStatic="false" isGetter="false" isSetter="false">
              <Summary numSequencePoints="4" visitedSequencePoints="4" numBranchPoints="1" visitedBranchPoints="1" sequenceCoverage="100" branchCoverage="100" maxCyclomaticComplexity="1" minCyclomaticComplexity="1" maxCrapScore="1" minCrapScore="1" visitedClasses="0" numClasses="0" visitedMethods="1" numMethods="1" />
              <MetadataToken>100663299</MetadataToken>
              <Name>System.Void CryptarithmeticSolverClassLibrary.CryptarithmeticSolver::.ctor(CryptarithmeticSolverClassLibrary.IUtility)</Name>
              <FileRef uid="1" />
              <SequencePoints>
                <SequencePoint vc="3" uspid="1" ordinal="0" offset="0" sl="12" sc="9" el="12" ec="55" bec="0" bev="0" fileid="1" />
                <SequencePoint vc="3" uspid="2" ordinal="1" offset="7" sl="12" sc="56" el="12" ec="57" bec="0" bev="0" fileid="1" />
                <SequencePoint vc="3" uspid="3" ordinal="2" offset="8" sl="14" sc="13" el="14" ec="31" bec="0" bev="0" fileid="1" />
                <SequencePoint vc="3" uspid="4" ordinal="3" offset="16" sl="15" sc="9" el="15" ec="10" bec="0" bev="0" fileid="1" />
              </SequencePoints>
              <BranchPoints />
              <MethodPoint xsi:type="SequencePoint" vc="3" uspid="1" ordinal="0" offset="0" sl="12" sc="9" el="12" ec="55" bec="0" bev="0" fileid="1" />
            </Method>
            <Method visited="true" cyclomaticComplexity="2" nPathComplexity="2" sequenceCoverage="100" branchCoverage="100" crapScore="2" isConstructor="false" isStatic="false" isGetter="false" isSetter="false">
              <Summary numSequencePoints="10" visitedSequencePoints="10" numBranchPoints="3" visitedBranchPoints="3" sequenceCoverage="100" branchCoverage="100" maxCyclomaticComplexity="2" minCyclomaticComplexity="2" maxCrapScore="2" minCrapScore="2" visitedClasses="0" numClasses="0" visitedMethods="1" numMethods="1" />
              <MetadataToken>100663300</MetadataToken>
              <Name>System.Collections.Generic.Dictionary`2&lt;System.Char,System.Int32&gt; CryptarithmeticSolverClassLibrary.CryptarithmeticSolver::CreateDigitLookup(System.Char[],System.Int32[])</Name>
              <FileRef uid="1" />
              <SequencePoints>
                <SequencePoint vc="3" uspid="5" ordinal="0" offset="0" sl="17" sc="87" el="17" ec="88" bec="0" bev="0" fileid="1" />
                <SequencePoint vc="3" uspid="6" ordinal="1" offset="1" sl="19" sc="13" el="19" ec="54" bec="0" bev="0" fileid="1" />
                <SequencePoint vc="3" uspid="7" ordinal="2" offset="7" sl="21" sc="17" el="21" ec="27" bec="0" bev="0" fileid="1" />
                <SequencePoint vc="24" uspid="8" ordinal="3" offset="11" sl="21" sc="53" el="21" ec="54" bec="0" bev="0" fileid="1" />
                <SequencePoint vc="24" uspid="9" ordinal="4" offset="12" sl="23" sc="17" el="23" ec="48" bec="0" bev="0" fileid="1" />
                <SequencePoint vc="24" uspid="10" ordinal="5" offset="25" sl="24" sc="13" el="24" ec="14" bec="0" bev="0" fileid="1" />
                <SequencePoint vc="24" uspid="11" ordinal="6" offset="26" sl="21" sc="48" el="21" ec="51" bec="0" bev="0" fileid="1" />
                <SequencePoint vc="27" uspid="12" ordinal="7" offset="30" sl="21" sc="28" el="21" ec="46" bec="2" bev="2" fileid="1" />
                <SequencePoint vc="3" uspid="13" ordinal="8" offset="40" sl="26" sc="13" el="26" ec="27" bec="0" bev="0" fileid="1" />
                <SequencePoint vc="3" uspid="14" ordinal="9" offset="44" sl="27" sc="9" el="27" ec="10" bec="0" bev="0" fileid="1" />
              </SequencePoints>
              <BranchPoints>
                <BranchPoint vc="3" uspid="15" ordinal="0" offset="38" sl="21" path="0" offsetend="40" fileid="1" />
                <BranchPoint vc="24" uspid="16" ordinal="1" offset="38" sl="21" path="1" offsetend="11" fileid="1" />
              </BranchPoints>
              <MethodPoint xsi:type="SequencePoint" vc="3" uspid="5" ordinal="0" offset="0" sl="17" sc="87" el="17" ec="88" bec="0" bev="0" fileid="1" />
            </Method>
            <Method visited="true" cyclomaticComplexity="1" nPathComplexity="0" sequenceCoverage="100" branchCoverage="100" crapScore="1" isConstructor="false" isStatic="false" isGetter="false" isSetter="false">
              <Summary numSequencePoints="3" visitedSequencePoints="3" numBranchPoints="1" visitedBranchPoints="1" sequenceCoverage="100" branchCoverage="100" maxCyclomaticComplexity="1" minCyclomaticComplexity="1" maxCrapScore="1" minCrapScore="1" visitedClasses="0" numClasses="0" visitedMethods="1" numMethods="1" />
              <MetadataToken>100663301</MetadataToken>
              <Name>System.Boolean CryptarithmeticSolverClassLibrary.CryptarithmeticSolver::HasLeadingZero(System.String[],System.Collections.Generic.Dictionary`2&lt;System.Char,System.Int32&gt;)</Name>
              <FileRef uid="1" />
              <SequencePoints>
                <SequencePoint vc="3" uspid="17" ordinal="0" offset="13" sl="29" sc="83" el="29" ec="84" bec="0" bev="0" fileid="1" />
                <SequencePoint vc="3" uspid="18" ordinal="1" offset="14" sl="31" sc="13" el="31" ec="65" bec="0" bev="0" fileid="1" />
                <SequencePoint vc="3" uspid="19" ordinal="2" offset="35" sl="32" sc="9" el="32" ec="10" bec="0" bev="0" fileid="1" />
              </SequencePoints>
              <BranchPoints />
              <MethodPoint vc="3" uspid="20" ordinal="0" offset="0" />
            </Method>
            <Method visited="true" cyclomaticComplexity="1" nPathComplexity="0" sequenceCoverage="100" branchCoverage="100" crapScore="1" isConstructor="false" isStatic="false" isGetter="false" isSetter="false">
              <Summary numSequencePoints="5" visitedSequencePoints="5" numBranchPoints="1" visitedBranchPoints="1" sequenceCoverage="100" branchCoverage="100" maxCyclomaticComplexity="1" minCyclomaticComplexity="1" maxCrapScore="1" minCrapScore="1" visitedClasses="0" numClasses="0" visitedMethods="1" numMethods="1" />
              <MetadataToken>100663302</MetadataToken>
              <Name>System.Boolean CryptarithmeticSolverClassLibrary.CryptarithmeticSolver::TrailLettersHoldEqual(System.String[],System.Collections.Generic.Dictionary`2&lt;System.Char,System.Int32&gt;)</Name>
              <FileRef uid="1" />
              <SequencePoints>
                <SequencePoint vc="2" uspid="21" ordinal="0" offset="13" sl="34" sc="90" el="34" ec="91" bec="0" bev="0" fileid="1" />
                <SequencePoint vc="2" uspid="22" ordinal="1" offset="14" sl="36" sc="13" el="36" ec="44" bec="0" bev="0" fileid="1" />
                <SequencePoint vc="2" uspid="23" ordinal="2" offset="21" sl="37" sc="13" el="38" ec="62" bec="0" bev="0" fileid="1" />
                <SequencePoint vc="2" uspid="24" ordinal="3" offset="50" sl="40" sc="13" el="40" ec="56" bec="0" bev="0" fileid="1" />
                <SequencePoint vc="2" uspid="25" ordinal="4" offset="76" sl="41" sc="9" el="41" ec="10" bec="0" bev="0" fileid="1" />
              </SequencePoints>
              <BranchPoints />
              <MethodPoint vc="2" uspid="26" ordinal="0" offset="0" />
            </Method>
            <Method visited="true" cyclomaticComplexity="1" nPathComplexity="0" sequenceCoverage="100" branchCoverage="100" crapScore="1" isConstructor="false" isStatic="false" isGetter="false" isSetter="false">
              <Summary numSequencePoints="4" visitedSequencePoints="4" numBranchPoints="1" visitedBranchPoints="1" sequenceCoverage="100" branchCoverage="100" maxCyclomaticComplexity="1" minCyclomaticComplexity="1" maxCrapScore="1" minCrapScore="1" visitedClasses="0" numClasses="0" visitedMethods="1" numMethods="1" />
              <MetadataToken>100663303</MetadataToken>
              <Name>System.Int32 CryptarithmeticSolverClassLibrary.CryptarithmeticSolver::ToNumber(System.String,System.Collections.Generic.Dictionary`2&lt;System.Char,System.Int32&gt;)</Name>
              <FileRef uid="1" />
              <SequencePoints>
                <SequencePoint vc="4" uspid="27" ordinal="0" offset="13" sl="43" sc="73" el="43" ec="74" bec="0" bev="0" fileid="1" />
                <SequencePoint vc="4" uspid="28" ordinal="1" offset="14" sl="45" sc="13" el="45" ec="64" bec="0" bev="0" fileid="1" />
                <SequencePoint vc="4" uspid="29" ordinal="2" offset="33" sl="47" sc="13" el="47" ec="55" bec="0" bev="0" fileid="1" />
                <SequencePoint vc="4" uspid="30" ordinal="3" offset="52" sl="48" sc="9" el="48" ec="10" bec="0" bev="0" fileid="1" />
              </SequencePoints>
              <BranchPoints />
              <MethodPoint vc="4" uspid="31" ordinal="0" offset="0" />
            </Method>
            <Method visited="true" cyclomaticComplexity="1" nPathComplexity="0" sequenceCoverage="100" branchCoverage="100" crapScore="1" isConstructor="false" isStatic="false" isGetter="false" isSetter="false">
              <Summary numSequencePoints="4" visitedSequencePoints="4" numBranchPoints="1" visitedBranchPoints="1" sequenceCoverage="100" branchCoverage="100" maxCyclomaticComplexity="1" minCyclomaticComplexity="1" maxCrapScore="1" minCrapScore="1" visitedClasses="0" numClasses="0" visitedMethods="1" numMethods="1" />
              <MetadataToken>100663304</MetadataToken>
              <Name>System.Boolean CryptarithmeticSolverClassLibrary.CryptarithmeticSolver::CanFormEquation(System.String[],System.Collections.Generic.Dictionary`2&lt;System.Char,System.Int32&gt;)</Name>
              <FileRef uid="1" />
              <SequencePoints>
                <SequencePoint vc="1" uspid="32" ordinal="0" offset="20" sl="50" sc="84" el="50" ec="85" bec="0" bev="0" fileid="1" />
                <SequencePoint vc="1" uspid="33" ordinal="1" offset="21" sl="52" sc="13" el="53" ec="65" bec="0" bev="0" fileid="1" />
                <SequencePoint vc="1" uspid="34" ordinal="2" offset="50" sl="55" sc="13" el="55" ec="58" bec="0" bev="0" fileid="1" />
                <SequencePoint vc="1" uspid="35" ordinal="3" offset="74" sl="56" sc="9" el="56" ec="10" bec="0" bev="0" fileid="1" />
              </SequencePoints>
              <BranchPoints />
              <MethodPoint vc="1" uspid="36" ordinal="0" offset="0" />
            </Method>
            <Method visited="true" cyclomaticComplexity="3" nPathComplexity="2" sequenceCoverage="100" branchCoverage="100" crapScore="3" isConstructor="false" isStatic="false" isGetter="false" isSetter="false">
              <Summary numSequencePoints="6" visitedSequencePoints="6" numBranchPoints="3" visitedBranchPoints="3" sequenceCoverage="100" branchCoverage="100" maxCyclomaticComplexity="3" minCyclomaticComplexity="3" maxCrapScore="3" minCrapScore="3" visitedClasses="0" numClasses="0" visitedMethods="1" numMethods="1" />
              <MetadataToken>100663305</MetadataToken>
              <Name>System.Boolean CryptarithmeticSolverClassLibrary.CryptarithmeticSolver::IsValidCryptarithm(System.String[],System.Collections.Generic.Dictionary`2&lt;System.Char,System.Int32&gt;)</Name>
              <FileRef uid="1" />
              <SequencePoints>
                <SequencePoint vc="3" uspid="37" ordinal="0" offset="0" sl="58" sc="87" el="58" ec="88" bec="0" bev="0" fileid="1" />
                <SequencePoint vc="3" uspid="38" ordinal="1" offset="1" sl="60" sc="13" el="60" ec="87" bec="2" bev="2" fileid="1" />
                <SequencePoint vc="2" uspid="39" ordinal="2" offset="27" sl="60" sc="88" el="60" ec="89" bec="0" bev="0" fileid="1" />
                <SequencePoint vc="2" uspid="40" ordinal="3" offset="28" sl="62" sc="17" el="62" ec="30" bec="0" bev="0" fileid="1" />
                <SequencePoint vc="1" uspid="41" ordinal="4" offset="32" sl="65" sc="13" el="65" ec="51" bec="0" bev="0" fileid="1" />
                <SequencePoint vc="3" uspid="42" ordinal="5" offset="43" sl="66" sc="9" el="66" ec="10" bec="0" bev="0" fileid="1" />
              </SequencePoints>
              <BranchPoints>
                <BranchPoint vc="2" uspid="45" ordinal="2" offset="25" sl="60" path="0" offsetend="27" fileid="1" />
                <BranchPoint vc="1" uspid="46" ordinal="3" offset="25" sl="60" path="1" offsetend="32" fileid="1" />
              </BranchPoints>
              <MethodPoint xsi:type="SequencePoint" vc="3" uspid="37" ordinal="0" offset="0" sl="58" sc="87" el="58" ec="88" bec="0" bev="0" fileid="1" />
            </Method>
            <Method visited="true" cyclomaticComplexity="3" nPathComplexity="2" sequenceCoverage="100" branchCoverage="100" crapScore="3" isConstructor="false" isStatic="false" isGetter="false" isSetter="false">
              <Summary numSequencePoints="16" visitedSequencePoints="16" numBranchPoints="3" visitedBranchPoints="3" sequenceCoverage="100" branchCoverage="100" maxCyclomaticComplexity="3" minCyclomaticComplexity="3" maxCrapScore="3" minCrapScore="3" visitedClasses="0" numClasses="0" visitedMethods="1" numMethods="1" />
              <MetadataToken>100663306</MetadataToken>
              <Name>System.Collections.Generic.Dictionary`2&lt;System.Char,System.Int32&gt; CryptarithmeticSolverClassLibrary.CryptarithmeticSolver::FindCryptarithm(System.String)</Name>
              <FileRef uid="1" />
              <SequencePoints>
                <SequencePoint vc="3" uspid="47" ordinal="0" offset="0" sl="68" sc="68" el="68" ec="69" bec="0" bev="0" fileid="1" />
                <SequencePoint vc="3" uspid="48" ordinal="1" offset="1" sl="70" sc="13" el="70" ec="54" bec="0" bev="0" fileid="1" />
                <SequencePoint vc="3" uspid="49" ordinal="2" offset="14" sl="71" sc="13" el="71" ec="56" bec="0" bev="0" fileid="1" />
                <SequencePoint vc="3" uspid="50" ordinal="3" offset="27" sl="72" sc="13" el="72" ec="65" bec="0" bev="0" fileid="1" />
                <SequencePoint vc="3" uspid="51" ordinal="4" offset="41" sl="74" sc="13" el="74" ec="20" bec="0" bev="0" fileid="1" />
                <SequencePoint vc="3" uspid="52" ordinal="5" offset="42" sl="74" sc="37" el="74" ec="87" bec="0" bev="0" fileid="1" />
                <SequencePoint vc="3" uspid="53" ordinal="6" offset="66" sl="74" sc="21" el="74" ec="33" bec="0" bev="0" fileid="1" />
                <SequencePoint vc="3" uspid="54" ordinal="7" offset="72" sl="74" sc="89" el="74" ec="90" bec="0" bev="0" fileid="1" />
                <SequencePoint vc="3" uspid="55" ordinal="8" offset="73" sl="76" sc="17" el="76" ec="65" bec="0" bev="0" fileid="1" />
                <SequencePoint vc="3" uspid="56" ordinal="9" offset="83" sl="78" sc="17" el="78" ec="54" bec="2" bev="2" fileid="1" />
                <SequencePoint vc="1" uspid="57" ordinal="10" offset="101" sl="78" sc="55" el="78" ec="56" bec="0" bev="0" fileid="1" />
                <SequencePoint vc="1" uspid="58" ordinal="11" offset="102" sl="80" sc="21" el="80" ec="35" bec="0" bev="0" fileid="1" />
                <SequencePoint vc="2" uspid="59" ordinal="12" offset="108" sl="82" sc="13" el="82" ec="14" bec="0" bev="0" fileid="1" />
                <SequencePoint vc="5" uspid="60" ordinal="13" offset="115" sl="74" sc="34" el="74" ec="36" bec="0" bev="0" fileid="1" />
                <SequencePoint vc="2" uspid="61" ordinal="14" offset="129" sl="84" sc="13" el="84" ec="25" bec="0" bev="0" fileid="1" />
                <SequencePoint vc="3" uspid="62" ordinal="15" offset="135" sl="85" sc="9" el="85" ec="10" bec="0" bev="0" fileid="1" />
              </SequencePoints>
              <BranchPoints>
                <BranchPoint vc="1" uspid="63" ordinal="0" offset="99" sl="78" path="0" offsetend="101" fileid="1" />
                <BranchPoint vc="2" uspid="64" ordinal="1" offset="99" sl="78" path="1" offsetend="108" fileid="1" />
              </BranchPoints>
              <MethodPoint xsi:type="SequencePoint" vc="3" uspid="47" ordinal="0" offset="0" sl="68" sc="68" el="68" ec="69" bec="0" bev="0" fileid="1" />
            </Method>
          </Methods>
        </Class>
        <Class>
          <Summary numSequencePoints="1" visitedSequencePoints="1" numBranchPoints="1" visitedBranchPoints="1" sequenceCoverage="100" branchCoverage="100" maxCyclomaticComplexity="1" minCyclomaticComplexity="1" maxCrapScore="2" minCrapScore="1" visitedClasses="1" numClasses="1" visitedMethods="1" numMethods="1" />
          <FullName>CryptarithmeticSolverClassLibrary.CryptarithmeticSolver/&lt;&gt;c__DisplayClass1</FullName>
          <Methods>
            <Method visited="false" cyclomaticComplexity="1" nPathComplexity="0" sequenceCoverage="0" branchCoverage="0" crapScore="2" isConstructor="true" isStatic="false" isGetter="false" isSetter="false">
              <Summary numSequencePoints="0" visitedSequencePoints="0" numBranchPoints="0" visitedBranchPoints="0" sequenceCoverage="0" branchCoverage="0" maxCyclomaticComplexity="1" minCyclomaticComplexity="1" maxCrapScore="2" minCrapScore="2" visitedClasses="0" numClasses="0" visitedMethods="0" numMethods="0" />
              <MetadataToken>100663317</MetadataToken>
              <Name>System.Void CryptarithmeticSolverClassLibrary.CryptarithmeticSolver/&lt;&gt;c__DisplayClass1::.ctor()</Name>
              <SequencePoints />
              <BranchPoints />
              <MethodPoint vc="0" uspid="67" ordinal="0" offset="0" />
            </Method>
            <Method visited="true" cyclomaticComplexity="1" nPathComplexity="0" sequenceCoverage="100" branchCoverage="100" crapScore="1" isConstructor="false" isStatic="false" isGetter="false" isSetter="false">
              <Summary numSequencePoints="1" visitedSequencePoints="1" numBranchPoints="1" visitedBranchPoints="1" sequenceCoverage="100" branchCoverage="100" maxCyclomaticComplexity="1" minCyclomaticComplexity="1" maxCrapScore="1" minCrapScore="1" visitedClasses="0" numClasses="0" visitedMethods="1" numMethods="1" />
              <MetadataToken>100663318</MetadataToken>
              <Name>System.Boolean CryptarithmeticSolverClassLibrary.CryptarithmeticSolver/&lt;&gt;c__DisplayClass1::&lt;HasLeadingZero&gt;b__0(System.String)</Name>
              <FileRef uid="1" />
              <SequencePoints>
                <SequencePoint vc="9" uspid="68" ordinal="0" offset="0" sl="31" sc="38" el="31" ec="63" bec="0" bev="0" fileid="1" />
              </SequencePoints>
              <BranchPoints />
              <MethodPoint xsi:type="SequencePoint" vc="9" uspid="68" ordinal="0" offset="0" sl="31" sc="38" el="31" ec="63" bec="0" bev="0" fileid="1" />
            </Method>
          </Methods>
        </Class>
        <Class>
          <Summary numSequencePoints="1" visitedSequencePoints="1" numBranchPoints="1" visitedBranchPoints="1" sequenceCoverage="100" branchCoverage="100" maxCyclomaticComplexity="1" minCyclomaticComplexity="1" maxCrapScore="2" minCrapScore="1" visitedClasses="1" numClasses="1" visitedMethods="1" numMethods="1" />
          <FullName>CryptarithmeticSolverClassLibrary.CryptarithmeticSolver/&lt;&gt;c__DisplayClass4</FullName>
          <Methods>
            <Method visited="false" cyclomaticComplexity="1" nPathComplexity="0" sequenceCoverage="0" branchCoverage="0" crapScore="2" isConstructor="true" isStatic="false" isGetter="false" isSetter="false">
              <Summary numSequencePoints="0" visitedSequencePoints="0" numBranchPoints="0" visitedBranchPoints="0" sequenceCoverage="0" branchCoverage="0" maxCyclomaticComplexity="1" minCyclomaticComplexity="1" maxCrapScore="2" minCrapScore="2" visitedClasses="0" numClasses="0" visitedMethods="0" numMethods="0" />
              <MetadataToken>100663319</MetadataToken>
              <Name>System.Void CryptarithmeticSolverClassLibrary.CryptarithmeticSolver/&lt;&gt;c__DisplayClass4::.ctor()</Name>
              <SequencePoints />
              <BranchPoints />
              <MethodPoint vc="0" uspid="69" ordinal="0" offset="0" />
            </Method>
            <Method visited="true" cyclomaticComplexity="1" nPathComplexity="0" sequenceCoverage="100" branchCoverage="100" crapScore="1" isConstructor="false" isStatic="false" isGetter="false" isSetter="false">
              <Summary numSequencePoints="1" visitedSequencePoints="1" numBranchPoints="1" visitedBranchPoints="1" sequenceCoverage="100" branchCoverage="100" maxCyclomaticComplexity="1" minCyclomaticComplexity="1" maxCrapScore="1" minCrapScore="1" visitedClasses="0" numClasses="0" visitedMethods="1" numMethods="1" />
              <MetadataToken>100663320</MetadataToken>
              <Name>System.Int32 CryptarithmeticSolverClassLibrary.CryptarithmeticSolver/&lt;&gt;c__DisplayClass4::&lt;TrailLettersHoldEqual&gt;b__3(System.String)</Name>
              <FileRef uid="1" />
              <SequencePoints>
                <SequencePoint vc="6" uspid="70" ordinal="0" offset="0" sl="38" sc="41" el="38" ec="60" bec="0" bev="0" fileid="1" />
              </SequencePoints>
              <BranchPoints />
              <MethodPoint xsi:type="SequencePoint" vc="6" uspid="70" ordinal="0" offset="0" sl="38" sc="41" el="38" ec="60" bec="0" bev="0" fileid="1" />
            </Method>
          </Methods>
        </Class>
        <Class>
          <Summary numSequencePoints="1" visitedSequencePoints="1" numBranchPoints="1" visitedBranchPoints="1" sequenceCoverage="100" branchCoverage="100" maxCyclomaticComplexity="1" minCyclomaticComplexity="1" maxCrapScore="2" minCrapScore="1" visitedClasses="1" numClasses="1" visitedMethods="1" numMethods="1" />
          <FullName>CryptarithmeticSolverClassLibrary.CryptarithmeticSolver/&lt;&gt;c__DisplayClass7</FullName>
          <Methods>
            <Method visited="false" cyclomaticComplexity="1" nPathComplexity="0" sequenceCoverage="0" branchCoverage="0" crapScore="2" isConstructor="true" isStatic="false" isGetter="false" isSetter="false">
              <Summary numSequencePoints="0" visitedSequencePoints="0" numBranchPoints="0" visitedBranchPoints="0" sequenceCoverage="0" branchCoverage="0" maxCyclomaticComplexity="1" minCyclomaticComplexity="1" maxCrapScore="2" minCrapScore="2" visitedClasses="0" numClasses="0" visitedMethods="0" numMethods="0" />
              <MetadataToken>100663321</MetadataToken>
              <Name>System.Void CryptarithmeticSolverClassLibrary.CryptarithmeticSolver/&lt;&gt;c__DisplayClass7::.ctor()</Name>
              <SequencePoints />
              <BranchPoints />
              <MethodPoint vc="0" uspid="71" ordinal="0" offset="0" />
            </Method>
            <Method visited="true" cyclomaticComplexity="1" nPathComplexity="0" sequenceCoverage="100" branchCoverage="100" crapScore="1" isConstructor="false" isStatic="false" isGetter="false" isSetter="false">
              <Summary numSequencePoints="1" visitedSequencePoints="1" numBranchPoints="1" visitedBranchPoints="1" sequenceCoverage="100" branchCoverage="100" maxCyclomaticComplexity="1" minCyclomaticComplexity="1" maxCrapScore="1" minCrapScore="1" visitedClasses="0" numClasses="0" visitedMethods="1" numMethods="1" />
              <MetadataToken>100663322</MetadataToken>
              <Name>System.Int32 CryptarithmeticSolverClassLibrary.CryptarithmeticSolver/&lt;&gt;c__DisplayClass7::&lt;ToNumber&gt;b__6(System.Char)</Name>
              <FileRef uid="1" />
              <SequencePoints>
                <SequencePoint vc="14" uspid="72" ordinal="0" offset="0" sl="45" sc="48" el="45" ec="62" bec="0" bev="0" fileid="1" />
              </SequencePoints>
              <BranchPoints />
              <MethodPoint xsi:type="SequencePoint" vc="14" uspid="72" ordinal="0" offset="0" sl="45" sc="48" el="45" ec="62" bec="0" bev="0" fileid="1" />
            </Method>
          </Methods>
        </Class>
        <Class>
          <Summary numSequencePoints="1" visitedSequencePoints="1" numBranchPoints="1" visitedBranchPoints="1" sequenceCoverage="100" branchCoverage="100" maxCyclomaticComplexity="1" minCyclomaticComplexity="1" maxCrapScore="2" minCrapScore="1" visitedClasses="1" numClasses="1" visitedMethods="1" numMethods="1" />
          <FullName>CryptarithmeticSolverClassLibrary.CryptarithmeticSolver/&lt;&gt;c__DisplayClassa</FullName>
          <Methods>
            <Method visited="false" cyclomaticComplexity="1" nPathComplexity="0" sequenceCoverage="0" branchCoverage="0" crapScore="2" isConstructor="true" isStatic="false" isGetter="false" isSetter="false">
              <Summary numSequencePoints="0" visitedSequencePoints="0" numBranchPoints="0" visitedBranchPoints="0" sequenceCoverage="0" branchCoverage="0" maxCyclomaticComplexity="1" minCyclomaticComplexity="1" maxCrapScore="2" minCrapScore="2" visitedClasses="0" numClasses="0" visitedMethods="0" numMethods="0" />
              <MetadataToken>100663323</MetadataToken>
              <Name>System.Void CryptarithmeticSolverClassLibrary.CryptarithmeticSolver/&lt;&gt;c__DisplayClassa::.ctor()</Name>
              <SequencePoints />
              <BranchPoints />
              <MethodPoint vc="0" uspid="73" ordinal="0" offset="0" />
            </Method>
            <Method visited="true" cyclomaticComplexity="1" nPathComplexity="0" sequenceCoverage="100" branchCoverage="100" crapScore="1" isConstructor="false" isStatic="false" isGetter="false" isSetter="false">
              <Summary numSequencePoints="1" visitedSequencePoints="1" numBranchPoints="1" visitedBranchPoints="1" sequenceCoverage="100" branchCoverage="100" maxCyclomaticComplexity="1" minCyclomaticComplexity="1" maxCrapScore="1" minCrapScore="1" visitedClasses="0" numClasses="0" visitedMethods="1" numMethods="1" />
              <MetadataToken>100663324</MetadataToken>
              <Name>System.Int32 CryptarithmeticSolverClassLibrary.CryptarithmeticSolver/&lt;&gt;c__DisplayClassa::&lt;CanFormEquation&gt;b__9(System.String)</Name>
              <FileRef uid="1" />
              <SequencePoints>
                <SequencePoint vc="3" uspid="74" ordinal="0" offset="0" sl="53" sc="41" el="53" ec="63" bec="0" bev="0" fileid="1" />
              </SequencePoints>
              <BranchPoints />
              <MethodPoint xsi:type="SequencePoint" vc="3" uspid="74" ordinal="0" offset="0" sl="53" sc="41" el="53" ec="63" bec="0" bev="0" fileid="1" />
            </Method>
          </Methods>
        </Class>
        <Class>
          <Summary numSequencePoints="33" visitedSequencePoints="33" numBranchPoints="14" visitedBranchPoints="14" sequenceCoverage="100" branchCoverage="100" maxCyclomaticComplexity="5" minCyclomaticComplexity="1" maxCrapScore="5" minCrapScore="1" visitedClasses="1" numClasses="1" visitedMethods="6" numMethods="6" />
          <FullName>CryptarithmeticSolverClassLibrary.Utility</FullName>
          <Methods>
            <Method visited="true" cyclomaticComplexity="2" nPathComplexity="0" sequenceCoverage="100" branchCoverage="100" crapScore="2" isConstructor="false" isStatic="false" isGetter="false" isSetter="false">
              <Summary numSequencePoints="3" visitedSequencePoints="3" numBranchPoints="1" visitedBranchPoints="1" sequenceCoverage="100" branchCoverage="100" maxCyclomaticComplexity="2" minCyclomaticComplexity="2" maxCrapScore="2" minCrapScore="2" visitedClasses="0" numClasses="0" visitedMethods="1" numMethods="1" />
              <MetadataToken>100663310</MetadataToken>
              <Name>System.String[] CryptarithmeticSolverClassLibrary.Utility::GetWords(System.String)</Name>
              <FileRef uid="6" />
              <SequencePoints>
                <SequencePoint vc="7" uspid="75" ordinal="0" offset="0" sl="11" sc="48" el="11" ec="49" bec="0" bev="0" fileid="6" />
                <SequencePoint vc="7" uspid="76" ordinal="1" offset="1" sl="13" sc="13" el="16" ec="36" bec="0" bev="0" fileid="6" />
                <SequencePoint vc="7" uspid="77" ordinal="2" offset="66" sl="17" sc="9" el="17" ec="10" bec="0" bev="0" fileid="6" />
              </SequencePoints>
              <BranchPoints />
              <MethodPoint xsi:type="SequencePoint" vc="7" uspid="75" ordinal="0" offset="0" sl="11" sc="48" el="11" ec="49" bec="0" bev="0" fileid="6" />
            </Method>
            <Method visited="true" cyclomaticComplexity="1" nPathComplexity="0" sequenceCoverage="100" branchCoverage="100" crapScore="1" isConstructor="false" isStatic="false" isGetter="false" isSetter="false">
              <Summary numSequencePoints="4" visitedSequencePoints="4" numBranchPoints="1" visitedBranchPoints="1" sequenceCoverage="100" branchCoverage="100" maxCyclomaticComplexity="1" minCyclomaticComplexity="1" maxCrapScore="1" minCrapScore="1" visitedClasses="0" numClasses="0" visitedMethods="1" numMethods="1" />
              <MetadataToken>100663311</MetadataToken>
              <Name>System.Char[] CryptarithmeticSolverClassLibrary.Utility::GetLetters(System.String)</Name>
              <FileRef uid="6" />
              <SequencePoints>
                <SequencePoint vc="4" uspid="80" ordinal="0" offset="0" sl="19" sc="48" el="19" ec="49" bec="0" bev="0" fileid="6" />
                <SequencePoint vc="4" uspid="81" ordinal="1" offset="1" sl="21" sc="13" el="21" ec="66" bec="0" bev="0" fileid="6" />
                <SequencePoint vc="4" uspid="82" ordinal="2" offset="19" sl="23" sc="13" el="23" ec="60" bec="0" bev="0" fileid="6" />
                <SequencePoint vc="4" uspid="83" ordinal="3" offset="33" sl="24" sc="9" el="24" ec="10" bec="0" bev="0" fileid="6" />
              </SequencePoints>
              <BranchPoints />
              <MethodPoint xsi:type="SequencePoint" vc="4" uspid="80" ordinal="0" offset="0" sl="19" sc="48" el="19" ec="49" bec="0" bev="0" fileid="6" />
            </Method>
            <Method visited="true" cyclomaticComplexity="1" nPathComplexity="0" sequenceCoverage="100" branchCoverage="100" crapScore="1" isConstructor="false" isStatic="false" isGetter="false" isSetter="false">
              <Summary numSequencePoints="3" visitedSequencePoints="3" numBranchPoints="1" visitedBranchPoints="1" sequenceCoverage="100" branchCoverage="100" maxCyclomaticComplexity="1" minCyclomaticComplexity="1" maxCrapScore="1" minCrapScore="1" visitedClasses="0" numClasses="0" visitedMethods="1" numMethods="1" />
              <MetadataToken>100663312</MetadataToken>
              <Name>System.Int32[] CryptarithmeticSolverClassLibrary.Utility::GetListWithItem(System.Int32[],System.Int32)</Name>
              <FileRef uid="6" />
              <SequencePoints>
                <SequencePoint vc="9" uspid="84" ordinal="0" offset="0" sl="26" sc="61" el="26" ec="62" bec="0" bev="0" fileid="6" />
                <SequencePoint vc="9" uspid="85" ordinal="1" offset="1" sl="28" sc="13" el="28" ec="62" bec="0" bev="0" fileid="6" />
                <SequencePoint vc="9" uspid="86" ordinal="2" offset="27" sl="29" sc="9" el="29" ec="10" bec="0" bev="0" fileid="6" />
              </SequencePoints>
              <BranchPoints />
              <MethodPoint xsi:type="SequencePoint" vc="9" uspid="84" ordinal="0" offset="0" sl="26" sc="61" el="26" ec="62" bec="0" bev="0" fileid="6" />
            </Method>
            <Method visited="true" cyclomaticComplexity="1" nPathComplexity="0" sequenceCoverage="100" branchCoverage="100" crapScore="1" isConstructor="false" isStatic="false" isGetter="false" isSetter="false">
              <Summary numSequencePoints="5" visitedSequencePoints="5" numBranchPoints="1" visitedBranchPoints="1" sequenceCoverage="100" branchCoverage="100" maxCyclomaticComplexity="1" minCyclomaticComplexity="1" maxCrapScore="1" minCrapScore="1" visitedClasses="0" numClasses="0" visitedMethods="1" numMethods="1" />
              <MetadataToken>100663313</MetadataToken>
              <Name>System.Int32[] CryptarithmeticSolverClassLibrary.Utility::CopyListWithoutItem(System.Int32[],System.Int32)</Name>
              <FileRef uid="6" />
              <SequencePoints>
                <SequencePoint vc="9" uspid="87" ordinal="0" offset="0" sl="31" sc="74" el="31" ec="75" bec="0" bev="0" fileid="6" />
                <SequencePoint vc="9" uspid="88" ordinal="1" offset="1" sl="33" sc="13" el="33" ec="56" bec="0" bev="0" fileid="6" />
                <SequencePoint vc="9" uspid="89" ordinal="2" offset="9" sl="34" sc="13" el="34" ec="59" bec="0" bev="0" fileid="6" />
                <SequencePoint vc="9" uspid="90" ordinal="3" offset="19" sl="36" sc="13" el="36" ec="61" bec="0" bev="0" fileid="6" />
                <SequencePoint vc="9" uspid="91" ordinal="4" offset="34" sl="37" sc="9" el="37" ec="10" bec="0" bev="0" fileid="6" />
              </SequencePoints>
              <BranchPoints />
              <MethodPoint xsi:type="SequencePoint" vc="9" uspid="87" ordinal="0" offset="0" sl="31" sc="74" el="31" ec="75" bec="0" bev="0" fileid="6" />
            </Method>
            <Method visited="true" cyclomaticComplexity="5" nPathComplexity="16" sequenceCoverage="100" branchCoverage="100" crapScore="5" isConstructor="false" isStatic="false" isGetter="false" isSetter="false">
              <Summary numSequencePoints="17" visitedSequencePoints="17" numBranchPoints="9" visitedBranchPoints="9" sequenceCoverage="100" branchCoverage="100" maxCyclomaticComplexity="5" minCyclomaticComplexity="5" maxCrapScore="5" minCrapScore="5" visitedClasses="0" numClasses="0" visitedMethods="1" numMethods="1" />
              <MetadataToken>100663314</MetadataToken>
              <Name>System.Int32[][] CryptarithmeticSolverClassLibrary.Utility::GetCombinations(System.Int32[],System.Int32,System.Int32[],System.Collections.Generic.List`1&lt;System.Int32[]&gt;)</Name>
              <FileRef uid="6" />
              <SequencePoints>
                <SequencePoint vc="10" uspid="92" ordinal="0" offset="0" sl="39" sc="121" el="39" ec="122" bec="0" bev="0" fileid="6" />
                <SequencePoint vc="10" uspid="93" ordinal="1" offset="1" sl="41" sc="13" el="41" ec="45" bec="2" bev="2" fileid="6" />
                <SequencePoint vc="10" uspid="94" ordinal="2" offset="14" sl="42" sc="13" el="42" ec="62" bec="2" bev="2" fileid="6" />
                <SequencePoint vc="10" uspid="95" ordinal="3" offset="27" sl="44" sc="13" el="44" ec="40" bec="2" bev="2" fileid="6" />
                <SequencePoint vc="6" uspid="96" ordinal="4" offset="42" sl="44" sc="41" el="44" ec="42" bec="0" bev="0" fileid="6" />
                <SequencePoint vc="6" uspid="97" ordinal="5" offset="43" sl="46" sc="17" el="46" ec="43" bec="0" bev="0" fileid="6" />
                <SequencePoint vc="6" uspid="98" ordinal="6" offset="52" sl="48" sc="17" el="48" ec="29" bec="0" bev="0" fileid="6" />
                <SequencePoint vc="4" uspid="99" ordinal="7" offset="56" sl="51" sc="17" el="51" ec="27" bec="0" bev="0" fileid="6" />
                <SequencePoint vc="9" uspid="100" ordinal="8" offset="60" sl="51" sc="53" el="51" ec="54" bec="0" bev="0" fileid="6" />
                <SequencePoint vc="9" uspid="101" ordinal="9" offset="61" sl="53" sc="17" el="53" ec="73" bec="0" bev="0" fileid="6" />
                <SequencePoint vc="9" uspid="102" ordinal="10" offset="72" sl="54" sc="17" el="54" ec="70" bec="0" bev="0" fileid="6" />
                <SequencePoint vc="9" uspid="103" ordinal="11" offset="81" sl="55" sc="17" el="55" ec="80" bec="0" bev="0" fileid="6" />
                <SequencePoint vc="9" uspid="104" ordinal="12" offset="93" sl="56" sc="13" el="56" ec="14" bec="0" bev="0" fileid="6" />
                <SequencePoint vc="9" uspid="105" ordinal="13" offset="94" sl="51" sc="48" el="51" ec="51" bec="0" bev="0" fileid="6" />
                <SequencePoint vc="13" uspid="106" ordinal="14" offset="98" sl="51" sc="28" el="51" ec="46" bec="2" bev="2" fileid="6" />
                <SequencePoint vc="4" uspid="107" ordinal="15" offset="110" sl="58" sc="13" el="58" ec="43" bec="0" bev="0" fileid="6" />
                <SequencePoint vc="10" uspid="108" ordinal="16" offset="120" sl="59" sc="9" el="59" ec="10" bec="0" bev="0" fileid="6" />
              </SequencePoints>
              <BranchPoints>
                <BranchPoint vc="1" uspid="109" ordinal="0" offset="3" sl="41" path="0" offsetend="5" fileid="6" />
                <BranchPoint vc="9" uspid="110" ordinal="1" offset="3" sl="41" path="1" offsetend="12" fileid="6" />
                <BranchPoint vc="1" uspid="111" ordinal="2" offset="17" sl="42" path="0" offsetend="19" fileid="6" />
                <BranchPoint vc="9" uspid="112" ordinal="3" offset="17" sl="42" path="1" offsetend="25" fileid="6" />
                <BranchPoint vc="6" uspid="113" ordinal="4" offset="40" sl="44" path="0" offsetend="42" fileid="6" />
                <BranchPoint vc="4" uspid="114" ordinal="5" offset="40" sl="44" path="1" offsetend="56" fileid="6" />
                <BranchPoint vc="4" uspid="115" ordinal="6" offset="108" sl="51" path="0" offsetend="110" fileid="6" />
                <BranchPoint vc="9" uspid="116" ordinal="7" offset="108" sl="51" path="1" offsetend="60" fileid="6" />
              </BranchPoints>
              <MethodPoint xsi:type="SequencePoint" vc="10" uspid="92" ordinal="0" offset="0" sl="39" sc="121" el="39" ec="122" bec="0" bev="0" fileid="6" />
            </Method>
            <Method visited="false" cyclomaticComplexity="1" nPathComplexity="0" sequenceCoverage="0" branchCoverage="0" crapScore="2" isConstructor="true" isStatic="false" isGetter="false" isSetter="false">
              <Summary numSequencePoints="0" visitedSequencePoints="0" numBranchPoints="0" visitedBranchPoints="0" sequenceCoverage="0" branchCoverage="0" maxCyclomaticComplexity="1" minCyclomaticComplexity="1" maxCrapScore="2" minCrapScore="2" visitedClasses="0" numClasses="0" visitedMethods="0" numMethods="0" />
              <MetadataToken>100663315</MetadataToken>
              <Name>System.Void CryptarithmeticSolverClassLibrary.Utility::.ctor()</Name>
              <SequencePoints />
              <BranchPoints />
              <MethodPoint vc="0" uspid="117" ordinal="0" offset="0" />
            </Method>
            <Method visited="true" cyclomaticComplexity="1" nPathComplexity="0" sequenceCoverage="100" branchCoverage="100" crapScore="1" isConstructor="false" isStatic="true" isGetter="false" isSetter="false">
              <Summary numSequencePoints="1" visitedSequencePoints="1" numBranchPoints="1" visitedBranchPoints="1" sequenceCoverage="100" branchCoverage="100" maxCyclomaticComplexity="1" minCyclomaticComplexity="1" maxCrapScore="1" minCrapScore="1" visitedClasses="0" numClasses="0" visitedMethods="1" numMethods="1" />
              <MetadataToken>100663316</MetadataToken>
              <Name>System.String CryptarithmeticSolverClassLibrary.Utility::&lt;GetWords&gt;b__0(System.Text.RegularExpressions.Match)</Name>
              <FileRef uid="6" />
              <SequencePoints>
                <SequencePoint vc="10" uspid="118" ordinal="0" offset="0" sl="15" sc="42" el="15" ec="53" bec="0" bev="0" fileid="6" />
              </SequencePoints>
              <BranchPoints />
              <MethodPoint xsi:type="SequencePoint" vc="10" uspid="118" ordinal="0" offset="0" sl="15" sc="42" el="15" ec="53" bec="0" bev="0" fileid="6" />
            </Method>
          </Methods>
        </Class>
      </Classes>
    </Module>
  </Modules>
</CoverageSession>