<?xml version="1.0" encoding="utf-8"?>
<CoverageSession xmlns:xsd="http://www.w3.org/2001/XMLSchema" xmlns:xsi="http://www.w3.org/2001/XMLSchema-instance" Version="4.6.0.0">
  <Summary numSequencePoints="77" visitedSequencePoints="77" numBranchPoints="26" visitedBranchPoints="26" sequenceCoverage="100" branchCoverage="100" maxCyclomaticComplexity="4" minCyclomaticComplexity="1" maxCrapScore="4" minCrapScore="1" visitedClasses="2" numClasses="2" visitedMethods="12" numMethods="12" />
  <Modules>
    <Module hash="CF-ED-D6-34-09-51-47-CA-58-9E-99-58-27-9C-74-57-DF-52-03-79">
      <Summary numSequencePoints="77" visitedSequencePoints="77" numBranchPoints="26" visitedBranchPoints="26" sequenceCoverage="100" branchCoverage="100" maxCyclomaticComplexity="4" minCyclomaticComplexity="1" maxCrapScore="4" minCrapScore="1" visitedClasses="2" numClasses="2" visitedMethods="12" numMethods="12" />
      <ModulePath>D:\all_languages\reddit_challenges\challenge_347\easy\lightActiveTime\LightTrackerTest\bin\Debug\LightTrackerClassLibrary.dll</ModulePath>
      <ModuleTime>2018-01-16T07:05:32.5932828Z</ModuleTime>
      <ModuleName>LightTrackerClassLibrary</ModuleName>
      <Files>
        <File uid="1" fullPath="d:\all_languages\reddit_challenges\challenge_347\easy\lightActiveTime\LightTrackerClassLibrary\Interval.cs" />
        <File uid="2" fullPath="d:\all_languages\reddit_challenges\challenge_347\easy\lightActiveTime\LightTrackerClassLibrary\LightTracker.cs" />
      </Files>
      <Classes>
        <Class>
          <Summary numSequencePoints="25" visitedSequencePoints="25" numBranchPoints="9" visitedBranchPoints="9" sequenceCoverage="100" branchCoverage="100" maxCyclomaticComplexity="4" minCyclomaticComplexity="1" maxCrapScore="4" minCrapScore="1" visitedClasses="1" numClasses="1" visitedMethods="5" numMethods="5" />
          <FullName>LightTrackerClassLibrary.Interval</FullName>
          <Methods>
            <Method skippedDueTo="AutoImplementedProperty" visited="false" cyclomaticComplexity="1" nPathComplexity="0" sequenceCoverage="0" branchCoverage="0" crapScore="0" isConstructor="false" isStatic="false" isGetter="true" isSetter="false">
              <MetadataToken>100663302</MetadataToken>
              <Name>System.Int32 LightTrackerClassLibrary.Interval::get_Start()</Name>
              <SequencePoints />
              <BranchPoints />
            </Method>
            <Method skippedDueTo="AutoImplementedProperty" visited="false" cyclomaticComplexity="1" nPathComplexity="0" sequenceCoverage="0" branchCoverage="0" crapScore="0" isConstructor="false" isStatic="false" isGetter="false" isSetter="true">
              <MetadataToken>100663303</MetadataToken>
              <Name>System.Void LightTrackerClassLibrary.Interval::set_Start(System.Int32)</Name>
              <SequencePoints />
              <BranchPoints />
            </Method>
            <Method skippedDueTo="AutoImplementedProperty" visited="false" cyclomaticComplexity="1" nPathComplexity="0" sequenceCoverage="0" branchCoverage="0" crapScore="0" isConstructor="false" isStatic="false" isGetter="true" isSetter="false">
              <MetadataToken>100663304</MetadataToken>
              <Name>System.Int32 LightTrackerClassLibrary.Interval::get_End()</Name>
              <SequencePoints />
              <BranchPoints />
            </Method>
            <Method skippedDueTo="AutoImplementedProperty" visited="false" cyclomaticComplexity="1" nPathComplexity="0" sequenceCoverage="0" branchCoverage="0" crapScore="0" isConstructor="false" isStatic="false" isGetter="false" isSetter="true">
              <MetadataToken>100663305</MetadataToken>
              <Name>System.Void LightTrackerClassLibrary.Interval::set_End(System.Int32)</Name>
              <SequencePoints />
              <BranchPoints />
            </Method>
            <Method visited="true" cyclomaticComplexity="1" nPathComplexity="0" sequenceCoverage="100" branchCoverage="100" crapScore="1" isConstructor="false" isStatic="false" isGetter="true" isSetter="false">
              <Summary numSequencePoints="3" visitedSequencePoints="3" numBranchPoints="1" visitedBranchPoints="1" sequenceCoverage="100" branchCoverage="100" maxCyclomaticComplexity="1" minCyclomaticComplexity="1" maxCrapScore="1" minCrapScore="1" visitedClasses="0" numClasses="0" visitedMethods="1" numMethods="1" />
              <MetadataToken>100663306</MetadataToken>
              <Name>System.Int32 LightTrackerClassLibrary.Interval::get_Duration()</Name>
              <FileRef uid="1" />
              <SequencePoints>
                <SequencePoint vc="4" uspid="1" ordinal="0" offset="0" sl="12" sc="35" el="12" ec="36" bec="0" bev="0" fileid="1" />
                <SequencePoint vc="4" uspid="2" ordinal="1" offset="1" sl="12" sc="37" el="12" ec="56" bec="0" bev="0" fileid="1" />
                <SequencePoint vc="4" uspid="3" ordinal="2" offset="17" sl="12" sc="57" el="12" ec="58" bec="0" bev="0" fileid="1" />
              </SequencePoints>
              <BranchPoints />
              <MethodPoint xsi:type="SequencePoint" vc="4" uspid="1" ordinal="0" offset="0" sl="12" sc="35" el="12" ec="36" bec="0" bev="0" fileid="1" />
            </Method>
            <Method visited="true" cyclomaticComplexity="2" nPathComplexity="2" sequenceCoverage="100" branchCoverage="100" crapScore="2" isConstructor="true" isStatic="false" isGetter="false" isSetter="false">
              <Summary numSequencePoints="8" visitedSequencePoints="8" numBranchPoints="3" visitedBranchPoints="3" sequenceCoverage="100" branchCoverage="100" maxCyclomaticComplexity="2" minCyclomaticComplexity="2" maxCrapScore="2" minCrapScore="2" visitedClasses="0" numClasses="0" visitedMethods="1" numMethods="1" />
              <MetadataToken>100663307</MetadataToken>
              <Name>System.Void LightTrackerClassLibrary.Interval::.ctor(System.Int32,System.Int32)</Name>
              <FileRef uid="1" />
              <SequencePoints>
                <SequencePoint vc="17" uspid="4" ordinal="0" offset="0" sl="14" sc="9" el="14" ec="44" bec="0" bev="0" fileid="1" />
                <SequencePoint vc="17" uspid="5" ordinal="1" offset="7" sl="14" sc="45" el="14" ec="46" bec="0" bev="0" fileid="1" />
                <SequencePoint vc="17" uspid="6" ordinal="2" offset="8" sl="16" sc="13" el="16" ec="28" bec="2" bev="2" fileid="1" />
                <SequencePoint vc="2" uspid="7" ordinal="3" offset="19" sl="16" sc="29" el="16" ec="30" bec="0" bev="0" fileid="1" />
                <SequencePoint vc="2" uspid="8" ordinal="4" offset="20" sl="18" sc="17" el="18" ec="91" bec="0" bev="0" fileid="1" />
                <SequencePoint vc="15" uspid="9" ordinal="5" offset="31" sl="21" sc="13" el="21" ec="27" bec="0" bev="0" fileid="1" />
                <SequencePoint vc="15" uspid="10" ordinal="6" offset="39" sl="22" sc="13" el="22" ec="23" bec="0" bev="0" fileid="1" />
                <SequencePoint vc="15" uspid="11" ordinal="7" offset="47" sl="23" sc="9" el="23" ec="10" bec="0" bev="0" fileid="1" />
              </SequencePoints>
              <BranchPoints>
                <BranchPoint vc="2" uspid="12" ordinal="0" offset="17" sl="16" path="0" offsetend="19" fileid="1" />
                <BranchPoint vc="15" uspid="13" ordinal="1" offset="17" sl="16" path="1" offsetend="31" fileid="1" />
              </BranchPoints>
              <MethodPoint xsi:type="SequencePoint" vc="17" uspid="4" ordinal="0" offset="0" sl="14" sc="9" el="14" ec="44" bec="0" bev="0" fileid="1" />
            </Method>
            <Method visited="true" cyclomaticComplexity="2" nPathComplexity="0" sequenceCoverage="100" branchCoverage="100" crapScore="2" isConstructor="false" isStatic="false" isGetter="false" isSetter="false">
              <Summary numSequencePoints="3" visitedSequencePoints="3" numBranchPoints="1" visitedBranchPoints="1" sequenceCoverage="100" branchCoverage="100" maxCyclomaticComplexity="2" minCyclomaticComplexity="2" maxCrapScore="2" minCrapScore="2" visitedClasses="0" numClasses="0" visitedMethods="1" numMethods="1" />
              <MetadataToken>100663308</MetadataToken>
              <Name>System.Boolean LightTrackerClassLibrary.Interval::Contains(LightTrackerClassLibrary.IInterval,System.Int32)</Name>
              <FileRef uid="1" />
              <SequencePoints>
                <SequencePoint vc="17" uspid="14" ordinal="0" offset="0" sl="25" sc="66" el="25" ec="67" bec="0" bev="0" fileid="1" />
                <SequencePoint vc="17" uspid="15" ordinal="1" offset="1" sl="27" sc="13" el="27" ec="77" bec="0" bev="0" fileid="1" />
                <SequencePoint vc="17" uspid="16" ordinal="2" offset="29" sl="28" sc="9" el="28" ec="10" bec="0" bev="0" fileid="1" />
              </SequencePoints>
              <BranchPoints />
              <MethodPoint xsi:type="SequencePoint" vc="17" uspid="14" ordinal="0" offset="0" sl="25" sc="66" el="25" ec="67" bec="0" bev="0" fileid="1" />
            </Method>
            <Method visited="true" cyclomaticComplexity="4" nPathComplexity="0" sequenceCoverage="100" branchCoverage="100" crapScore="4" isConstructor="false" isStatic="false" isGetter="false" isSetter="false">
              <Summary numSequencePoints="3" visitedSequencePoints="3" numBranchPoints="1" visitedBranchPoints="1" sequenceCoverage="100" branchCoverage="100" maxCyclomaticComplexity="4" minCyclomaticComplexity="4" maxCrapScore="4" minCrapScore="4" visitedClasses="0" numClasses="0" visitedMethods="1" numMethods="1" />
              <MetadataToken>100663309</MetadataToken>
              <Name>System.Boolean LightTrackerClassLibrary.Interval::Overlap(LightTrackerClassLibrary.IInterval)</Name>
              <FileRef uid="1" />
              <SequencePoints>
                <SequencePoint vc="8" uspid="19" ordinal="0" offset="0" sl="30" sc="54" el="30" ec="55" bec="0" bev="0" fileid="1" />
                <SequencePoint vc="8" uspid="20" ordinal="1" offset="1" sl="32" sc="13" el="33" ec="93" bec="0" bev="0" fileid="1" />
                <SequencePoint vc="8" uspid="21" ordinal="2" offset="66" sl="34" sc="9" el="34" ec="10" bec="0" bev="0" fileid="1" />
              </SequencePoints>
              <BranchPoints />
              <MethodPoint xsi:type="SequencePoint" vc="8" uspid="19" ordinal="0" offset="0" sl="30" sc="54" el="30" ec="55" bec="0" bev="0" fileid="1" />
            </Method>
            <Method visited="true" cyclomaticComplexity="2" nPathComplexity="2" sequenceCoverage="100" branchCoverage="100" crapScore="2" isConstructor="false" isStatic="false" isGetter="false" isSetter="false">
              <Summary numSequencePoints="8" visitedSequencePoints="8" numBranchPoints="3" visitedBranchPoints="3" sequenceCoverage="100" branchCoverage="100" maxCyclomaticComplexity="2" minCyclomaticComplexity="2" maxCrapScore="2" minCrapScore="2" visitedClasses="0" numClasses="0" visitedMethods="1" numMethods="1" />
              <MetadataToken>100663310</MetadataToken>
              <Name>LightTrackerClassLibrary.IInterval LightTrackerClassLibrary.Interval::Join(LightTrackerClassLibrary.IInterval)</Name>
              <FileRef uid="1" />
              <SequencePoints>
                <SequencePoint vc="3" uspid="28" ordinal="0" offset="0" sl="36" sc="56" el="36" ec="57" bec="0" bev="0" fileid="1" />
                <SequencePoint vc="3" uspid="29" ordinal="1" offset="1" sl="38" sc="13" el="38" ec="40" bec="2" bev="2" fileid="1" />
                <SequencePoint vc="1" uspid="30" ordinal="2" offset="12" sl="38" sc="41" el="38" ec="42" bec="0" bev="0" fileid="1" />
                <SequencePoint vc="1" uspid="31" ordinal="3" offset="13" sl="40" sc="17" el="40" ec="29" bec="0" bev="0" fileid="1" />
                <SequencePoint vc="2" uspid="32" ordinal="4" offset="17" sl="43" sc="13" el="43" ec="67" bec="0" bev="0" fileid="1" />
                <SequencePoint vc="2" uspid="33" ordinal="5" offset="35" sl="44" sc="13" el="44" ec="61" bec="0" bev="0" fileid="1" />
                <SequencePoint vc="2" uspid="34" ordinal="6" offset="53" sl="46" sc="13" el="46" ec="45" bec="0" bev="0" fileid="1" />
                <SequencePoint vc="3" uspid="35" ordinal="7" offset="63" sl="47" sc="9" el="47" ec="10" bec="0" bev="0" fileid="1" />
              </SequencePoints>
              <BranchPoints>
                <BranchPoint vc="1" uspid="36" ordinal="0" offset="10" sl="38" path="0" offsetend="12" fileid="1" />
                <BranchPoint vc="2" uspid="37" ordinal="1" offset="10" sl="38" path="1" offsetend="17" fileid="1" />
              </BranchPoints>
              <MethodPoint xsi:type="SequencePoint" vc="3" uspid="28" ordinal="0" offset="0" sl="36" sc="56" el="36" ec="57" bec="0" bev="0" fileid="1" />
            </Method>
          </Methods>
        </Class>
        <Class>
          <Summary numSequencePoints="52" visitedSequencePoints="52" numBranchPoints="17" visitedBranchPoints="17" sequenceCoverage="100" branchCoverage="100" maxCyclomaticComplexity="4" minCyclomaticComplexity="1" maxCrapScore="4" minCrapScore="1" visitedClasses="1" numClasses="1" visitedMethods="7" numMethods="7" />
          <FullName>LightTrackerClassLibrary.LightTracker</FullName>
          <Methods>
            <Method visited="true" cyclomaticComplexity="2" nPathComplexity="0" sequenceCoverage="100" branchCoverage="100" crapScore="2" isConstructor="false" isStatic="false" isGetter="false" isSetter="false">
              <Summary numSequencePoints="3" visitedSequencePoints="3" numBranchPoints="1" visitedBranchPoints="1" sequenceCoverage="100" branchCoverage="100" maxCyclomaticComplexity="2" minCyclomaticComplexity="2" maxCrapScore="2" minCrapScore="2" visitedClasses="0" numClasses="0" visitedMethods="1" numMethods="1" />
              <MetadataToken>100663311</MetadataToken>
              <Name>System.Int32[] LightTrackerClassLibrary.LightTracker::ParseNumber(System.String)</Name>
              <FileRef uid="2" />
              <SequencePoints>
                <SequencePoint vc="5" uspid="38" ordinal="0" offset="0" sl="11" sc="49" el="11" ec="50" bec="0" bev="0" fileid="2" />
                <SequencePoint vc="5" uspid="39" ordinal="1" offset="1" sl="13" sc="13" el="16" ec="36" bec="0" bev="0" fileid="2" />
                <SequencePoint vc="5" uspid="40" ordinal="2" offset="61" sl="17" sc="9" el="17" ec="10" bec="0" bev="0" fileid="2" />
              </SequencePoints>
              <BranchPoints />
              <MethodPoint xsi:type="SequencePoint" vc="5" uspid="38" ordinal="0" offset="0" sl="11" sc="49" el="11" ec="50" bec="0" bev="0" fileid="2" />
            </Method>
            <Method visited="true" cyclomaticComplexity="2" nPathComplexity="0" sequenceCoverage="100" branchCoverage="100" crapScore="2" isConstructor="false" isStatic="false" isGetter="false" isSetter="false">
              <Summary numSequencePoints="12" visitedSequencePoints="12" numBranchPoints="1" visitedBranchPoints="1" sequenceCoverage="100" branchCoverage="100" maxCyclomaticComplexity="2" minCyclomaticComplexity="2" maxCrapScore="2" minCrapScore="2" visitedClasses="0" numClasses="0" visitedMethods="1" numMethods="1" />
              <MetadataToken>100663312</MetadataToken>
              <Name>System.Collections.Generic.List`1&lt;LightTrackerClassLibrary.IInterval&gt; LightTrackerClassLibrary.LightTracker::GetIntervals(System.String)</Name>
              <FileRef uid="2" />
              <SequencePoints>
                <SequencePoint vc="2" uspid="43" ordinal="0" offset="0" sl="19" sc="60" el="19" ec="61" bec="0" bev="0" fileid="2" />
                <SequencePoint vc="2" uspid="44" ordinal="1" offset="1" sl="21" sc="13" el="21" ec="51" bec="0" bev="0" fileid="2" />
                <SequencePoint vc="2" uspid="45" ordinal="2" offset="7" sl="23" sc="13" el="23" ec="20" bec="0" bev="0" fileid="2" />
                <SequencePoint vc="2" uspid="46" ordinal="3" offset="8" sl="23" sc="40" el="23" ec="64" bec="0" bev="0" fileid="2" />
                <SequencePoint vc="5" uspid="47" ordinal="4" offset="42" sl="23" sc="21" el="23" ec="36" bec="0" bev="0" fileid="2" />
                <SequencePoint vc="5" uspid="48" ordinal="5" offset="48" sl="23" sc="66" el="23" ec="67" bec="0" bev="0" fileid="2" />
                <SequencePoint vc="5" uspid="49" ordinal="6" offset="49" sl="25" sc="17" el="25" ec="56" bec="0" bev="0" fileid="2" />
                <SequencePoint vc="5" uspid="50" ordinal="7" offset="57" sl="26" sc="17" el="26" ec="75" bec="0" bev="0" fileid="2" />
                <SequencePoint vc="4" uspid="51" ordinal="8" offset="75" sl="27" sc="13" el="27" ec="14" bec="0" bev="0" fileid="2" />
                <SequencePoint vc="6" uspid="52" ordinal="9" offset="82" sl="23" sc="37" el="23" ec="39" bec="0" bev="0" fileid="2" />
                <SequencePoint vc="1" uspid="53" ordinal="10" offset="96" sl="29" sc="13" el="29" ec="30" bec="0" bev="0" fileid="2" />
                <SequencePoint vc="1" uspid="54" ordinal="11" offset="100" sl="30" sc="9" el="30" ec="10" bec="0" bev="0" fileid="2" />
              </SequencePoints>
              <BranchPoints />
              <MethodPoint xsi:type="SequencePoint" vc="2" uspid="43" ordinal="0" offset="0" sl="19" sc="60" el="19" ec="61" bec="0" bev="0" fileid="2" />
            </Method>
            <Method visited="true" cyclomaticComplexity="3" nPathComplexity="4" sequenceCoverage="100" branchCoverage="100" crapScore="3" isConstructor="false" isStatic="false" isGetter="false" isSetter="false">
              <Summary numSequencePoints="13" visitedSequencePoints="13" numBranchPoints="5" visitedBranchPoints="5" sequenceCoverage="100" branchCoverage="100" maxCyclomaticComplexity="3" minCyclomaticComplexity="3" maxCrapScore="3" minCrapScore="3" visitedClasses="0" numClasses="0" visitedMethods="1" numMethods="1" />
              <MetadataToken>100663313</MetadataToken>
              <Name>System.Boolean LightTrackerClassLibrary.LightTracker::TryMergeInterval(System.Collections.Generic.List`1&lt;LightTrackerClassLibrary.IInterval&gt;,System.Int32)</Name>
              <FileRef uid="2" />
              <SequencePoints>
                <SequencePoint vc="2" uspid="57" ordinal="0" offset="0" sl="32" sc="77" el="32" ec="78" bec="0" bev="0" fileid="2" />
                <SequencePoint vc="2" uspid="58" ordinal="1" offset="1" sl="34" sc="17" el="34" ec="35" bec="0" bev="0" fileid="2" />
                <SequencePoint vc="2" uspid="59" ordinal="2" offset="7" sl="34" sc="62" el="34" ec="63" bec="0" bev="0" fileid="2" />
                <SequencePoint vc="2" uspid="60" ordinal="3" offset="8" sl="36" sc="17" el="36" ec="59" bec="2" bev="2" fileid="2" />
                <SequencePoint vc="1" uspid="61" ordinal="4" offset="34" sl="36" sc="60" el="36" ec="61" bec="0" bev="0" fileid="2" />
                <SequencePoint vc="1" uspid="62" ordinal="5" offset="35" sl="38" sc="21" el="38" ec="76" bec="0" bev="0" fileid="2" />
                <SequencePoint vc="1" uspid="63" ordinal="6" offset="62" sl="39" sc="21" el="39" ec="43" bec="0" bev="0" fileid="2" />
                <SequencePoint vc="1" uspid="64" ordinal="7" offset="70" sl="41" sc="21" el="41" ec="33" bec="0" bev="0" fileid="2" />
                <SequencePoint vc="1" uspid="65" ordinal="8" offset="74" sl="43" sc="13" el="43" ec="14" bec="0" bev="0" fileid="2" />
                <SequencePoint vc="1" uspid="66" ordinal="9" offset="75" sl="34" sc="57" el="34" ec="60" bec="0" bev="0" fileid="2" />
                <SequencePoint vc="3" uspid="67" ordinal="10" offset="79" sl="34" sc="36" el="34" ec="55" bec="2" bev="2" fileid="2" />
                <SequencePoint vc="1" uspid="68" ordinal="11" offset="92" sl="45" sc="13" el="45" ec="26" bec="0" bev="0" fileid="2" />
                <SequencePoint vc="2" uspid="69" ordinal="12" offset="96" sl="46" sc="9" el="46" ec="10" bec="0" bev="0" fileid="2" />
              </SequencePoints>
              <BranchPoints>
                <BranchPoint vc="1" uspid="70" ordinal="0" offset="32" sl="36" path="0" offsetend="34" fileid="2" />
                <BranchPoint vc="1" uspid="71" ordinal="1" offset="32" sl="36" path="1" offsetend="74" fileid="2" />
                <BranchPoint vc="1" uspid="72" ordinal="2" offset="90" sl="34" path="0" offsetend="92" fileid="2" />
                <BranchPoint vc="2" uspid="73" ordinal="3" offset="90" sl="34" path="1" offsetend="7" fileid="2" />
              </BranchPoints>
              <MethodPoint xsi:type="SequencePoint" vc="2" uspid="57" ordinal="0" offset="0" sl="32" sc="77" el="32" ec="78" bec="0" bev="0" fileid="2" />
            </Method>
            <Method visited="true" cyclomaticComplexity="4" nPathComplexity="8" sequenceCoverage="100" branchCoverage="100" crapScore="4" isConstructor="false" isStatic="false" isGetter="false" isSetter="false">
              <Summary numSequencePoints="17" visitedSequencePoints="17" numBranchPoints="7" visitedBranchPoints="7" sequenceCoverage="100" branchCoverage="100" maxCyclomaticComplexity="4" minCyclomaticComplexity="4" maxCrapScore="4" minCrapScore="4" visitedClasses="0" numClasses="0" visitedMethods="1" numMethods="1" />
              <MetadataToken>100663314</MetadataToken>
              <Name>System.Collections.Generic.List`1&lt;LightTrackerClassLibrary.IInterval&gt; LightTrackerClassLibrary.LightTracker::MergeIntervals(System.Collections.Generic.List`1&lt;LightTrackerClassLibrary.IInterval&gt;)</Name>
              <FileRef uid="2" />
              <SequencePoints>
                <SequencePoint vc="1" uspid="74" ordinal="0" offset="0" sl="48" sc="75" el="48" ec="76" bec="0" bev="0" fileid="2" />
                <SequencePoint vc="1" uspid="75" ordinal="1" offset="1" sl="50" sc="13" el="50" ec="33" bec="0" bev="0" fileid="2" />
                <SequencePoint vc="2" uspid="76" ordinal="2" offset="5" sl="52" sc="28" el="52" ec="29" bec="0" bev="0" fileid="2" />
                <SequencePoint vc="2" uspid="77" ordinal="3" offset="6" sl="54" sc="17" el="54" ec="31" bec="0" bev="0" fileid="2" />
                <SequencePoint vc="2" uspid="78" ordinal="4" offset="8" sl="56" sc="21" el="56" ec="31" bec="0" bev="0" fileid="2" />
                <SequencePoint vc="2" uspid="79" ordinal="5" offset="12" sl="56" sc="62" el="56" ec="63" bec="0" bev="0" fileid="2" />
                <SequencePoint vc="2" uspid="80" ordinal="6" offset="13" sl="58" sc="21" el="58" ec="62" bec="0" bev="0" fileid="2" />
                <SequencePoint vc="2" uspid="81" ordinal="7" offset="25" sl="60" sc="21" el="60" ec="32" bec="2" bev="2" fileid="2" />
                <SequencePoint vc="1" uspid="82" ordinal="8" offset="30" sl="60" sc="33" el="60" ec="34" bec="0" bev="0" fileid="2" />
                <SequencePoint vc="1" uspid="83" ordinal="9" offset="31" sl="62" sc="25" el="62" ec="31" bec="0" bev="0" fileid="2" />
                <SequencePoint vc="1" uspid="84" ordinal="10" offset="33" sl="64" sc="17" el="64" ec="18" bec="0" bev="0" fileid="2" />
                <SequencePoint vc="1" uspid="85" ordinal="11" offset="34" sl="56" sc="57" el="56" ec="60" bec="0" bev="0" fileid="2" />
                <SequencePoint vc="3" uspid="86" ordinal="12" offset="38" sl="56" sc="32" el="56" ec="55" bec="2" bev="2" fileid="2" />
                <SequencePoint vc="2" uspid="87" ordinal="13" offset="53" sl="65" sc="13" el="65" ec="14" bec="0" bev="0" fileid="2" />
                <SequencePoint vc="3" uspid="88" ordinal="14" offset="54" sl="52" sc="13" el="52" ec="27" bec="2" bev="2" fileid="2" />
                <SequencePoint vc="1" uspid="89" ordinal="15" offset="62" sl="67" sc="13" el="67" ec="30" bec="0" bev="0" fileid="2" />
                <SequencePoint vc="1" uspid="90" ordinal="16" offset="66" sl="68" sc="9" el="68" ec="10" bec="0" bev="0" fileid="2" />
              </SequencePoints>
              <BranchPoints>
                <BranchPoint vc="1" uspid="91" ordinal="0" offset="28" sl="60" path="0" offsetend="30" fileid="2" />
                <BranchPoint vc="1" uspid="92" ordinal="1" offset="28" sl="60" path="1" offsetend="33" fileid="2" />
                <BranchPoint vc="1" uspid="93" ordinal="2" offset="51" sl="56" path="0" offsetend="53" fileid="2" />
                <BranchPoint vc="2" uspid="94" ordinal="3" offset="51" sl="56" path="1" offsetend="12" fileid="2" />
                <BranchPoint vc="1" uspid="95" ordinal="4" offset="60" sl="52" path="0" offsetend="62" fileid="2" />
                <BranchPoint vc="2" uspid="96" ordinal="5" offset="60" sl="52" path="1" offsetend="5" fileid="2" />
              </BranchPoints>
              <MethodPoint xsi:type="SequencePoint" vc="1" uspid="74" ordinal="0" offset="0" sl="48" sc="75" el="48" ec="76" bec="0" bev="0" fileid="2" />
            </Method>
            <Method visited="true" cyclomaticComplexity="2" nPathComplexity="0" sequenceCoverage="100" branchCoverage="100" crapScore="2" isConstructor="false" isStatic="false" isGetter="false" isSetter="false">
              <Summary numSequencePoints="4" visitedSequencePoints="4" numBranchPoints="1" visitedBranchPoints="1" sequenceCoverage="100" branchCoverage="100" maxCyclomaticComplexity="2" minCyclomaticComplexity="2" maxCrapScore="2" minCrapScore="2" visitedClasses="0" numClasses="0" visitedMethods="1" numMethods="1" />
              <MetadataToken>100663315</MetadataToken>
              <Name>System.Int32 LightTrackerClassLibrary.LightTracker::GetActiveTime(System.String)</Name>
              <FileRef uid="2" />
              <SequencePoints>
                <SequencePoint vc="2" uspid="97" ordinal="0" offset="0" sl="70" sc="48" el="70" ec="49" bec="0" bev="0" fileid="2" />
                <SequencePoint vc="2" uspid="98" ordinal="1" offset="1" sl="72" sc="13" el="72" ec="49" bec="0" bev="0" fileid="2" />
                <SequencePoint vc="1" uspid="99" ordinal="2" offset="9" sl="74" sc="13" el="77" ec="16" bec="0" bev="0" fileid="2" />
                <SequencePoint vc="1" uspid="100" ordinal="3" offset="56" sl="78" sc="9" el="78" ec="10" bec="0" bev="0" fileid="2" />
              </SequencePoints>
              <BranchPoints />
              <MethodPoint xsi:type="SequencePoint" vc="2" uspid="97" ordinal="0" offset="0" sl="70" sc="48" el="70" ec="49" bec="0" bev="0" fileid="2" />
            </Method>
            <Method visited="false" cyclomaticComplexity="1" nPathComplexity="0" sequenceCoverage="0" branchCoverage="0" crapScore="2" isConstructor="true" isStatic="false" isGetter="false" isSetter="false">
              <Summary numSequencePoints="0" visitedSequencePoints="0" numBranchPoints="0" visitedBranchPoints="0" sequenceCoverage="0" branchCoverage="0" maxCyclomaticComplexity="1" minCyclomaticComplexity="1" maxCrapScore="2" minCrapScore="2" visitedClasses="0" numClasses="0" visitedMethods="0" numMethods="0" />
              <MetadataToken>100663316</MetadataToken>
              <Name>System.Void LightTrackerClassLibrary.LightTracker::.ctor()</Name>
              <SequencePoints />
              <BranchPoints />
              <MethodPoint vc="0" uspid="103" ordinal="0" offset="0" />
            </Method>
            <Method visited="true" cyclomaticComplexity="1" nPathComplexity="0" sequenceCoverage="100" branchCoverage="100" crapScore="1" isConstructor="false" isStatic="true" isGetter="false" isSetter="false">
              <Summary numSequencePoints="1" visitedSequencePoints="1" numBranchPoints="1" visitedBranchPoints="1" sequenceCoverage="100" branchCoverage="100" maxCyclomaticComplexity="1" minCyclomaticComplexity="1" maxCrapScore="1" minCrapScore="1" visitedClasses="0" numClasses="0" visitedMethods="1" numMethods="1" />
              <MetadataToken>100663317</MetadataToken>
              <Name>System.Int32 LightTrackerClassLibrary.LightTracker::&lt;ParseNumber&gt;b__0(System.Text.RegularExpressions.Match)</Name>
              <FileRef uid="2" />
              <SequencePoints>
                <SequencePoint vc="10" uspid="104" ordinal="0" offset="0" sl="15" sc="42" el="15" ec="64" bec="0" bev="0" fileid="2" />
              </SequencePoints>
              <BranchPoints />
              <MethodPoint xsi:type="SequencePoint" vc="10" uspid="104" ordinal="0" offset="0" sl="15" sc="42" el="15" ec="64" bec="0" bev="0" fileid="2" />
            </Method>
            <Method visited="true" cyclomaticComplexity="1" nPathComplexity="0" sequenceCoverage="100" branchCoverage="100" crapScore="1" isConstructor="false" isStatic="true" isGetter="false" isSetter="false">
              <Summary numSequencePoints="2" visitedSequencePoints="2" numBranchPoints="1" visitedBranchPoints="1" sequenceCoverage="100" branchCoverage="100" maxCyclomaticComplexity="1" minCyclomaticComplexity="1" maxCrapScore="1" minCrapScore="1" visitedClasses="0" numClasses="0" visitedMethods="1" numMethods="1" />
              <MetadataToken>100663318</MetadataToken>
              <Name>System.Int32 LightTrackerClassLibrary.LightTracker::&lt;GetActiveTime&gt;b__2(System.Int32,LightTrackerClassLibrary.IInterval)</Name>
              <FileRef uid="2" />
              <SequencePoints>
                <SequencePoint vc="2" uspid="105" ordinal="0" offset="0" sl="74" sc="84" el="74" ec="85" bec="0" bev="0" fileid="2" />
                <SequencePoint vc="2" uspid="106" ordinal="1" offset="1" sl="76" sc="17" el="76" ec="54" bec="0" bev="0" fileid="2" />
              </SequencePoints>
              <BranchPoints />
              <MethodPoint xsi:type="SequencePoint" vc="2" uspid="105" ordinal="0" offset="0" sl="74" sc="84" el="74" ec="85" bec="0" bev="0" fileid="2" />
            </Method>
          </Methods>
        </Class>
      </Classes>
    </Module>
  </Modules>
</CoverageSession>